Using cuDNN version 5110 on context None
Mapped name None to device cuda3: Tesla K40m (0000:30:00.0)
Namespace(batch_size=20, bptt=-1, goto_line=0, maxlen=256, mode='train', model_dir='None', optimizer='adamt.tokens', test_freq=2000, train_file='../data/wikitext-2/idx_wiki.train.tokens', valid_file='../data/wiki
loading dataset...
building model...
building rnn cell...
198144
building softmax output layer...
training start...
epoch: 0 idx: 50 cost: 8.5460482502 ppl: 5146.37699617
epoch: 0 idx: 100 cost: 7.65793338776 ppl: 2117.37710647
epoch: 0 idx: 150 cost: 7.60138245583 ppl: 2000.960223
epoch: 0 idx: 200 cost: 7.57770262718 ppl: 1954.13442923
epoch: 0 idx: 250 cost: 7.50645177841 ppl: 1819.74521482
epoch: 0 idx: 300 cost: 7.64174409866 ppl: 2083.37425999
epoch: 0 idx: 350 cost: 7.52359883308 ppl: 1851.21754325
epoch: 0 idx: 400 cost: 7.4110959816 ppl: 1654.23836852
epoch: 0 idx: 450 cost: 7.4301499176 ppl: 1686.06032454
epoch: 0 idx: 500 cost: 7.53144731522 ppl: 1865.80395679
epoch: 0 idx: 550 cost: 7.34552559853 ppl: 1549.24903433
epoch: 0 idx: 600 cost: 7.46514418602 ppl: 1746.10729433
epoch: 0 idx: 650 cost: 7.31352316856 ppl: 1500.45424097
epoch: 0 idx: 700 cost: 7.27516252518 ppl: 1443.98585714
epoch: 0 idx: 750 cost: 7.25448161125 ppl: 1414.42958866
epoch: 0 idx: 800 cost: 7.16301660538 ppl: 1290.79889662
epoch: 0 idx: 850 cost: 7.04938313007 ppl: 1152.1477982
epoch: 0 idx: 900 cost: 7.04243289948 ppl: 1144.16786862
epoch: 0 idx: 950 cost: 6.96795166016 ppl: 1062.04509173
epoch: 0 idx: 1000 cost: 6.95820497513 ppl: 1051.74395525
validing....
valid_cost: 6.56333749874 perplexity: 708.632813412
epoch: 0 idx: 1050 cost: 6.80569137573 ppl: 902.97184699
epoch: 0 idx: 1100 cost: 6.83064865112 ppl: 925.791133217
epoch: 0 idx: 1150 cost: 6.69884313583 ppl: 811.466525406
epoch: 0 idx: 1200 cost: 6.7818723011 ppl: 881.718021258
epoch: 0 idx: 1250 cost: 6.85178302765 ppl: 945.565373705
epoch: 0 idx: 1300 cost: 6.61794405937 ppl: 748.404838401
epoch: 0 idx: 1350 cost: 6.62385089874 ppl: 752.838627514
epoch: 0 idx: 1400 cost: 6.56416107178 ppl: 709.216664678
epoch: 0 idx: 1450 cost: 6.62338775635 ppl: 752.490036759
epoch: 0 idx: 1500 cost: 6.58709105492 ppl: 725.666871559
epoch: 0 idx: 1550 cost: 6.53513510704 ppl: 688.926856905
epoch: 0 idx: 1600 cost: 6.49996834755 ppl: 665.120580015
epoch: 0 idx: 1650 cost: 6.52027184486 ppl: 678.762878464
epoch: 0 idx: 1700 cost: 6.39591464043 ppl: 599.391300098
epoch: 0 idx: 1750 cost: 6.46687777519 ppl: 643.471524568
epoch: 1 idx: 1800 cost: 0.887711839676 ppl: 2.42956405416
epoch: 1 idx: 1850 cost: 6.20029416084 ppl: 492.894009888
epoch: 1 idx: 1900 cost: 6.14979550362 ppl: 468.621545572
epoch: 1 idx: 1950 cost: 5.98057275295 ppl: 395.666922667
epoch: 1 idx: 2000 cost: 6.03291088104 ppl: 416.926889314
validing....
valid_cost: 5.99214326884 perplexity: 400.271580847
testing...
test cost: 5.91110648795 perplexity: 369.114350119
epoch: 1 idx: 2050 cost: 6.19076921463 ppl: 488.221508941
epoch: 1 idx: 2100 cost: 6.19648480415 ppl: 491.019972498
epoch: 1 idx: 2150 cost: 6.15668308258 ppl: 471.860354443
epoch: 1 idx: 2200 cost: 6.07179219246 ppl: 433.45682392
epoch: 1 idx: 2250 cost: 6.08919293404 ppl: 441.065298672
epoch: 1 idx: 2300 cost: 6.10952010155 ppl: 450.122650164
epoch: 1 idx: 2350 cost: 5.97750906944 ppl: 394.456579442
epoch: 1 idx: 2400 cost: 5.99408406258 ppl: 401.049179759
epoch: 1 idx: 2450 cost: 5.97055068016 ppl: 391.721324528
epoch: 1 idx: 2500 cost: 5.95876403809 ppl: 387.131348822
epoch: 1 idx: 2550 cost: 5.86996691704 ppl: 354.237260856
epoch: 1 idx: 2600 cost: 5.8789792347 ppl: 357.444188798
epoch: 1 idx: 2650 cost: 5.76109971523 ppl: 317.697513676
epoch: 1 idx: 2700 cost: 5.86262306213 ppl: 351.645322868
epoch: 1 idx: 2750 cost: 5.81124199867 ppl: 334.033737606
epoch: 1 idx: 2800 cost: 5.83860045433 ppl: 343.298542306
epoch: 1 idx: 2850 cost: 5.79498534203 ppl: 328.647366642
epoch: 1 idx: 2900 cost: 5.7883156395 ppl: 326.462680173
epoch: 1 idx: 2950 cost: 5.70426812172 ppl: 300.145729503
epoch: 1 idx: 3000 cost: 5.79874753952 ppl: 329.88613172
validing....
valid_cost: 5.69403729052 perplexity: 297.09064389
epoch: 1 idx: 3050 cost: 5.83799204826 ppl: 343.089740914
epoch: 1 idx: 3100 cost: 5.73356945992 ppl: 309.070516597
epoch: 1 idx: 3150 cost: 5.75760400772 ppl: 316.588874958
epoch: 1 idx: 3200 cost: 5.6934346199 ppl: 296.911650031
epoch: 1 idx: 3250 cost: 5.74147824287 ppl: 311.524579767
epoch: 1 idx: 3300 cost: 5.80891062737 ppl: 333.255888015
epoch: 1 idx: 3350 cost: 5.75488430023 ppl: 315.729015637
epoch: 1 idx: 3400 cost: 5.71304469109 ppl: 302.791573049
epoch: 1 idx: 3450 cost: 5.74367462158 ppl: 312.209557681
epoch: 1 idx: 3500 cost: 5.64685073853 ppl: 283.397565964
epoch: 1 idx: 3550 cost: 5.76754722595 ppl: 319.752489421
epoch: 2 idx: 3600 cost: 1.62790325165 ppl: 5.09318438901
epoch: 2 idx: 3650 cost: 5.62852571487 ppl: 278.251592908
epoch: 2 idx: 3700 cost: 5.47115136623 ppl: 237.733753863
epoch: 2 idx: 3750 cost: 5.42609276772 ppl: 227.259552577
epoch: 2 idx: 3800 cost: 5.45554214478 ppl: 234.0517266
epoch: 2 idx: 3850 cost: 5.61000658035 ppl: 273.146035396
epoch: 2 idx: 3900 cost: 5.59831752777 ppl: 269.971805041
epoch: 2 idx: 3950 cost: 5.55151151657 ppl: 257.626668735
epoch: 2 idx: 4000 cost: 5.54083300591 ppl: 254.890236121
validing....
valid_cost: 5.51123309909 perplexity: 247.456076875
testing...
test cost: 5.42229229743 perplexity: 226.397498544
epoch: 2 idx: 4050 cost: 5.52589086533 ppl: 251.109943547
epoch: 2 idx: 4100 cost: 5.52719447136 ppl: 251.437505443
epoch: 2 idx: 4150 cost: 5.45289740562 ppl: 233.433538669
epoch: 2 idx: 4200 cost: 5.3808029604 ppl: 217.196605698
epoch: 2 idx: 4250 cost: 5.38936109543 ppl: 219.063380239
epoch: 2 idx: 4300 cost: 5.41912424088 ppl: 225.681393394
epoch: 2 idx: 4350 cost: 5.31007446289 ppl: 202.365296532
epoch: 2 idx: 4400 cost: 5.3890399456 ppl: 218.993039368
epoch: 2 idx: 4450 cost: 5.20461606979 ppl: 182.110941454
epoch: 2 idx: 4500 cost: 5.28036183357 ppl: 196.440941422
epoch: 2 idx: 4550 cost: 5.3553315258 ppl: 211.734160056
epoch: 2 idx: 4600 cost: 5.35550311089 ppl: 211.770493596
epoch: 2 idx: 4650 cost: 5.28004263878 ppl: 196.378248502
epoch: 2 idx: 4700 cost: 5.24159451962 ppl: 188.971180558
epoch: 2 idx: 4750 cost: 5.23997208595 ppl: 188.664835933
epoch: 2 idx: 4800 cost: 5.27185842514 ppl: 194.777605897
epoch: 2 idx: 4850 cost: 5.33527107716 ppl: 207.528997554
epoch: 2 idx: 4900 cost: 5.2151453352 ppl: 184.038566317
epoch: 2 idx: 4950 cost: 5.29980017662 ppl: 200.296781996
epoch: 2 idx: 5000 cost: 5.23232955456 ppl: 187.228454787
validing....
valid_cost: 5.38901858974 perplexity: 218.988362633
epoch: 2 idx: 5050 cost: 5.21913152695 ppl: 184.773643438
epoch: 2 idx: 5100 cost: 5.39717549324 ppl: 220.781934626
epoch: 2 idx: 5150 cost: 5.28295413017 ppl: 196.950835219
epoch: 2 idx: 5200 cost: 5.29188716888 ppl: 198.718086363
epoch: 2 idx: 5250 cost: 5.21640082359 ppl: 184.269769708
epoch: 2 idx: 5300 cost: 5.25257065773 ppl: 191.056779307
epoch: 2 idx: 5350 cost: 5.35624455452 ppl: 211.927567704
epoch: 3 idx: 5400 cost: 2.20990263939 ppl: 9.11482892453
epoch: 3 idx: 5450 cost: 5.25064480782 ppl: 190.689186703
epoch: 3 idx: 5500 cost: 5.0927933979 ppl: 162.844115714
epoch: 3 idx: 5550 cost: 4.98695977211 ppl: 146.490381661
epoch: 3 idx: 5600 cost: 5.10521797657 ppl: 164.880006593
epoch: 3 idx: 5650 cost: 5.2477961874 ppl: 190.146758546
epoch: 3 idx: 5700 cost: 5.17301245689 ppl: 176.445572356
epoch: 3 idx: 5750 cost: 5.15954656601 ppl: 174.085501423
epoch: 3 idx: 5800 cost: 5.18083665848 ppl: 177.83153303
epoch: 3 idx: 5850 cost: 5.16269422531 ppl: 174.634326575
epoch: 3 idx: 5900 cost: 5.08681499958 ppl: 161.873473061
epoch: 3 idx: 5950 cost: 5.11361786842 ppl: 166.270813955
epoch: 3 idx: 6000 cost: 4.97377117157 ppl: 144.571062919
validing....
valid_cost: 5.3367760001 perplexity: 207.841547827
testing...
test cost: 5.2466974695 perplexity: 189.937955626
epoch: 3 idx: 6050 cost: 5.00144887924 ppl: 148.628347702
epoch: 3 idx: 6100 cost: 5.06586475372 ppl: 158.517461386
epoch: 3 idx: 6150 cost: 4.97106710911 ppl: 144.180661807
epoch: 3 idx: 6200 cost: 5.00259895802 ppl: 148.799380341
epoch: 3 idx: 6250 cost: 4.86953063488 ppl: 130.259763157
epoch: 3 idx: 6300 cost: 4.89939298153 ppl: 134.208288044
epoch: 3 idx: 6350 cost: 5.02501173019 ppl: 152.17204111
epoch: 3 idx: 6400 cost: 5.03726641655 ppl: 154.048334961
epoch: 3 idx: 6450 cost: 4.91946138382 ppl: 136.928841231
epoch: 3 idx: 6500 cost: 4.86325519085 ppl: 129.444884839
epoch: 3 idx: 6550 cost: 4.91855296135 ppl: 136.804508477
epoch: 3 idx: 6600 cost: 4.91086408615 ppl: 135.7566692
epoch: 3 idx: 6650 cost: 4.96304535389 ppl: 143.02870636
epoch: 3 idx: 6700 cost: 4.92595856667 ppl: 137.821389334
epoch: 3 idx: 6750 cost: 4.98563034058 ppl: 146.295762123
epoch: 3 idx: 6800 cost: 4.83369708538 ppl: 125.674733042
epoch: 3 idx: 6850 cost: 4.92123821735 ppl: 137.172357268
epoch: 3 idx: 6900 cost: 5.06515586853 ppl: 158.405130524
epoch: 3 idx: 6950 cost: 4.98257047653 ppl: 145.84880115
epoch: 3 idx: 7000 cost: 4.98148086548 ppl: 145.689969232
validing....
valid_cost: 5.25771933826 perplexity: 192.043006333
epoch: 3 idx: 7050 cost: 4.89065088272 ppl: 133.040139404
epoch: 3 idx: 7100 cost: 4.89434117317 ppl: 133.532003162
epoch: 3 idx: 7150 cost: 5.07169548988 ppl: 159.444434722
epoch: 4 idx: 7200 cost: 2.72266674042 ppl: 15.2208582493
epoch: 4 idx: 7250 cost: 4.99235712051 ppl: 147.283178865
epoch: 4 idx: 7300 cost: 4.79907946587 ppl: 121.398614499
epoch: 4 idx: 7350 cost: 4.60777812958 ppl: 100.261134723
epoch: 4 idx: 7400 cost: 4.90519042015 ppl: 134.988612112
epoch: 4 idx: 7450 cost: 4.87874605179 ppl: 131.465709294
epoch: 4 idx: 7500 cost: 4.88255739689 ppl: 131.967726554
epoch: 4 idx: 7550 cost: 4.89812781334 ppl: 134.038599352
epoch: 4 idx: 7600 cost: 4.86268918037 ppl: 129.37163841
epoch: 4 idx: 7650 cost: 4.82982715607 ppl: 125.18932057
epoch: 4 idx: 7700 cost: 4.873733778 ppl: 130.808415809
epoch: 4 idx: 7750 cost: 4.75411486149 ppl: 116.060877733
epoch: 4 idx: 7800 cost: 4.7280857563 ppl: 113.078894476
epoch: 4 idx: 7850 cost: 4.73384294033 ppl: 113.731788092
epoch: 4 idx: 7900 cost: 4.72574279308 ppl: 112.814264915
epoch: 4 idx: 7950 cost: 4.76359951019 ppl: 117.166911265
epoch: 4 idx: 8000 cost: 4.68061699867 ppl: 107.836587081
validing....
valid_cost: 5.33275682991 perplexity: 207.007873734
testing...
test cost: 5.22767537413 perplexity: 186.359084448
epoch: 4 idx: 8050 cost: 4.61522618771 ppl: 101.010673321
epoch: 4 idx: 8100 cost: 4.61385160446 ppl: 100.871921127
epoch: 4 idx: 8150 cost: 4.74752727509 ppl: 115.298829458
epoch: 4 idx: 8200 cost: 4.81532972336 ppl: 123.387489341
epoch: 4 idx: 8250 cost: 4.63707516193 ppl: 103.241939597
epoch: 4 idx: 8300 cost: 4.54207036018 ppl: 93.884974758
epoch: 4 idx: 8350 cost: 4.65113892078 ppl: 104.704167447
epoch: 4 idx: 8400 cost: 4.65612596989 ppl: 105.22763647
epoch: 4 idx: 8450 cost: 4.65552742958 ppl: 105.164672333
epoch: 4 idx: 8500 cost: 4.68745753765 ppl: 108.576776218
epoch: 4 idx: 8550 cost: 4.74518949032 ppl: 115.029600434
epoch: 4 idx: 8600 cost: 4.53847084045 ppl: 93.5476414222
epoch: 4 idx: 8650 cost: 4.58260787964 ppl: 97.7690318981
epoch: 4 idx: 8700 cost: 4.82740100384 ppl: 124.885960369
epoch: 4 idx: 8750 cost: 4.78486968994 ppl: 119.685765808
epoch: 4 idx: 8800 cost: 4.75289251328 ppl: 115.919097597
epoch: 4 idx: 8850 cost: 4.58814502239 ppl: 98.3118945516
epoch: 4 idx: 8900 cost: 4.66468353271 ppl: 106.131992603
epoch: 4 idx: 8950 cost: 4.82024111748 ppl: 123.994984534
epoch: 5 idx: 9000 cost: 3.22060824871 ppl: 25.0433481339
validing....
valid_cost: 5.22809670874 perplexity: 186.437620525
epoch: 5 idx: 9050 cost: 4.74981880188 ppl: 115.563342769
epoch: 5 idx: 9100 cost: 4.55116159916 ppl: 94.7423971099
epoch: 5 idx: 9150 cost: 4.35574342012 ppl: 77.9247346246
epoch: 5 idx: 9200 cost: 4.61278643608 ppl: 100.76453275
epoch: 5 idx: 9250 cost: 4.54107740879 ppl: 93.7917978092
epoch: 5 idx: 9300 cost: 4.74338645458 ppl: 114.822384818
epoch: 5 idx: 9350 cost: 4.65734128952 ppl: 105.355599424
epoch: 5 idx: 9400 cost: 4.61341486931 ppl: 100.827876432
epoch: 5 idx: 9450 cost: 4.58612611771 ppl: 98.1136124307
epoch: 5 idx: 9500 cost: 4.6386910677 ppl: 103.408903705
epoch: 5 idx: 9550 cost: 4.39872107267 ppl: 81.3467655077
epoch: 5 idx: 9600 cost: 4.5530156374 ppl: 94.9182160742
epoch: 5 idx: 9650 cost: 4.51847465515 ppl: 91.6956238034
epoch: 5 idx: 9700 cost: 4.45279051781 ppl: 85.8662212126
epoch: 5 idx: 9750 cost: 4.57235235214 ppl: 96.7714828422
epoch: 5 idx: 9800 cost: 4.40105058193 ppl: 81.5364844413
epoch: 5 idx: 9850 cost: 4.46856518269 ppl: 87.2314719524
epoch: 5 idx: 9900 cost: 4.32795955181 ppl: 75.7894841741
epoch: 5 idx: 9950 cost: 4.59668910503 ppl: 99.1554781956
epoch: 5 idx: 10000 cost: 4.57770706177 ppl: 97.2910558727
validing....
valid_cost: 5.2071615973 perplexity: 182.575100379
testing...
test cost: 5.11843216587 perplexity: 167.073221074
epoch: 5 idx: 10050 cost: 4.3150560379 ppl: 74.81781596
epoch: 5 idx: 10100 cost: 4.3936283493 ppl: 80.9335420434
epoch: 5 idx: 10150 cost: 4.36478128433 ppl: 78.6321999668
epoch: 5 idx: 10200 cost: 4.40758622169 ppl: 82.0711227297
epoch: 5 idx: 10250 cost: 4.4685148716 ppl: 87.2270833525
epoch: 5 idx: 10300 cost: 4.42288220406 ppl: 83.3361312854
epoch: 5 idx: 10350 cost: 4.48375404835 ppl: 88.5665324218
epoch: 5 idx: 10400 cost: 4.36153460026 ppl: 78.3773200366
epoch: 5 idx: 10450 cost: 4.31147471428 ppl: 74.5503483781
epoch: 5 idx: 10500 cost: 4.6318313694 ppl: 102.701977247
epoch: 5 idx: 10550 cost: 4.57388504982 ppl: 96.9199179933
epoch: 5 idx: 10600 cost: 4.53069050789 ppl: 92.8226337191
epoch: 5 idx: 10650 cost: 4.30847187042 ppl: 74.3268210991
epoch: 5 idx: 10700 cost: 4.53082612991 ppl: 92.8352233663
epoch: 5 idx: 10750 cost: 4.56104597569 ppl: 95.6835101314
epoch: 6 idx: 10800 cost: 3.71848994732 ppl: 41.2021297227
epoch: 6 idx: 10850 cost: 4.51513944149 ppl: 91.3903087348
epoch: 6 idx: 10900 cost: 4.1847492075 ppl: 65.677027545
epoch: 6 idx: 10950 cost: 4.26798003197 ppl: 71.3773100172
epoch: 6 idx: 11000 cost: 4.42492621422 ppl: 83.5066453916
validing....
valid_cost: 5.25493053295 perplexity: 191.508181883
epoch: 6 idx: 11050 cost: 4.23903321266 ppl: 69.340781633
epoch: 6 idx: 11100 cost: 4.56113573551 ppl: 95.6920990521
epoch: 6 idx: 11150 cost: 4.53169264793 ppl: 92.9157016232
epoch: 6 idx: 11200 cost: 4.35781420231 ppl: 78.0862669682
epoch: 6 idx: 11250 cost: 4.41371057034 ppl: 82.5752971928
epoch: 6 idx: 11300 cost: 4.33983640671 ppl: 76.6949915258
epoch: 6 idx: 11350 cost: 4.2409813714 ppl: 69.4760001536
epoch: 6 idx: 11400 cost: 4.26466898441 ppl: 71.141367174
epoch: 6 idx: 11450 cost: 4.36448905945 ppl: 78.6092250383
epoch: 6 idx: 11500 cost: 4.17690745354 ppl: 65.1640185283
epoch: 6 idx: 11550 cost: 4.41228116989 ppl: 82.4573483445
epoch: 6 idx: 11600 cost: 4.24175120354 ppl: 69.5295056036
epoch: 6 idx: 11650 cost: 4.27389392138 ppl: 71.8006781773
epoch: 6 idx: 11700 cost: 4.04663795471 ppl: 57.2048082239
epoch: 6 idx: 11750 cost: 4.50704960346 ppl: 90.653958433
epoch: 6 idx: 11800 cost: 4.3866538763 ppl: 80.3710371076
epoch: 6 idx: 11850 cost: 4.05240533829 ppl: 57.5356835205
epoch: 6 idx: 11900 cost: 4.23313139439 ppl: 68.9327501888
epoch: 6 idx: 11950 cost: 4.06848650455 ppl: 58.4684039292
epoch: 6 idx: 12000 cost: 4.22872069836 ppl: 68.6293783136
validing....
valid_cost: 5.28037029601 perplexity: 196.442603799
testing...
test cost: 5.16540652709 perplexity: 175.108630507
epoch: 6 idx: 12050 cost: 4.133408494 ppl: 62.3902176088
epoch: 6 idx: 12100 cost: 4.43441881657 ppl: 84.3031150739
epoch: 6 idx: 12150 cost: 4.18099532127 ppl: 65.4309456269
epoch: 6 idx: 12200 cost: 4.14173375845 ppl: 62.9118008162
epoch: 6 idx: 12250 cost: 4.26828297138 ppl: 71.3989362933
epoch: 6 idx: 12300 cost: 4.40274338245 ppl: 81.674626335
epoch: 6 idx: 12350 cost: 4.3535645771 ppl: 77.7551336943
epoch: 6 idx: 12400 cost: 4.34420381069 ppl: 77.0306820518
epoch: 6 idx: 12450 cost: 4.06673304081 ppl: 58.3659715347
epoch: 6 idx: 12500 cost: 4.373522892 ppl: 79.3225849498
epoch: 6 idx: 12550 cost: 4.36518288612 ppl: 78.663785141
epoch: 7 idx: 12600 cost: 4.13468008995 ppl: 62.4696032196
epoch: 7 idx: 12650 cost: 4.33686971664 ppl: 76.4677984289
epoch: 7 idx: 12700 cost: 3.89622350931 ppl: 49.2162330594
epoch: 7 idx: 12750 cost: 4.14552542686 ppl: 63.15079431
epoch: 7 idx: 12800 cost: 4.2567098093 ppl: 70.5773879571
epoch: 7 idx: 12850 cost: 4.04379131794 ppl: 57.0421984686
epoch: 7 idx: 12900 cost: 4.34788869858 ppl: 77.3150550986
epoch: 7 idx: 12950 cost: 4.37512593269 ppl: 79.4498442552
epoch: 7 idx: 13000 cost: 4.15246884346 ppl: 63.5908023952
validing....
valid_cost: 5.23923868617 perplexity: 188.526519911
epoch: 7 idx: 13050 cost: 4.22880942345 ppl: 68.6354677315
epoch: 7 idx: 13100 cost: 4.19889015675 ppl: 66.6123607216
epoch: 7 idx: 13150 cost: 4.03331743479 ppl: 56.4478630801
epoch: 7 idx: 13200 cost: 4.0770313549 ppl: 58.9701483034
epoch: 7 idx: 13250 cost: 4.11377910137 ppl: 61.1774771509
epoch: 7 idx: 13300 cost: 4.08744787693 ppl: 59.5876225358
epoch: 7 idx: 13350 cost: 4.15067393064 ppl: 63.4767648234
epoch: 7 idx: 13400 cost: 3.99904246569 ppl: 54.5458954528
epoch: 7 idx: 13450 cost: 4.25981978416 ppl: 70.7972235237
epoch: 7 idx: 13500 cost: 3.83377820969 ppl: 46.2369013451
epoch: 7 idx: 13550 cost: 4.32877251625 ppl: 75.8511233814
epoch: 7 idx: 13600 cost: 4.20713533401 ppl: 67.1638619323
epoch: 7 idx: 13650 cost: 3.92881989956 ppl: 50.8469377559
epoch: 7 idx: 13700 cost: 3.99747207165 ppl: 54.4603041274
epoch: 7 idx: 13750 cost: 3.89591864586 ppl: 49.2012311155
epoch: 7 idx: 13800 cost: 3.9969066 ppl: 54.4295170748
epoch: 7 idx: 13850 cost: 4.04624857664 ppl: 57.1825382621
epoch: 7 idx: 13900 cost: 4.25819601536 ppl: 70.682358483
epoch: 7 idx: 13950 cost: 4.04513871908 ppl: 57.119108995
epoch: 7 idx: 14000 cost: 3.89750704765 ppl: 49.2794445401
validing....
valid_cost: 5.25511238897 perplexity: 191.543011967
testing...
test cost: 5.15178454986 perplexity: 172.739477636
epoch: 7 idx: 14050 cost: 4.18593291283 ppl: 65.7548158226
