Using cuDNN version 5110 on context None
Mapped name None to device cuda2: Tesla K40m (0000:2B:00.0)
2017-07-04 20:57:44,902-INFO-epoch: 0 idx: 50 cost: 8.623028 ppl: 5558.189879
2017-07-04 20:57:56,310-INFO-epoch: 0 idx: 100 cost: 7.392708 ppl: 1624.098587
2017-07-04 20:58:06,216-INFO-epoch: 0 idx: 150 cost: 7.073903 ppl: 1180.747812
2017-07-04 20:58:17,878-INFO-epoch: 0 idx: 200 cost: 7.046989 ppl: 1149.392171
2017-07-04 20:58:28,642-INFO-epoch: 0 idx: 250 cost: 7.009378 ppl: 1106.965942
2017-07-04 20:58:39,837-INFO-epoch: 0 idx: 300 cost: 7.035250 ppl: 1135.978488
2017-07-04 20:58:51,835-INFO-epoch: 0 idx: 350 cost: 6.907485 ppl: 999.729527
2017-07-04 20:59:02,901-INFO-epoch: 0 idx: 400 cost: 6.748578 ppl: 852.845052
2017-07-04 20:59:14,078-INFO-epoch: 0 idx: 450 cost: 6.740615 ppl: 846.081162
2017-07-04 20:59:24,537-INFO-epoch: 0 idx: 500 cost: 6.778101 ppl: 878.399207
2017-07-04 20:59:36,903-INFO-epoch: 0 idx: 550 cost: 6.633741 ppl: 760.321209
2017-07-04 20:59:47,656-INFO-epoch: 0 idx: 600 cost: 6.658704 ppl: 779.539816
2017-07-04 20:59:59,074-INFO-epoch: 0 idx: 650 cost: 6.560318 ppl: 706.495990
2017-07-04 21:00:10,249-INFO-epoch: 0 idx: 700 cost: 6.536716 ppl: 690.016880
2017-07-04 21:00:21,209-INFO-epoch: 0 idx: 750 cost: 6.516530 ppl: 676.228095
2017-07-04 21:00:32,104-INFO-epoch: 0 idx: 800 cost: 6.483093 ppl: 653.990829
2017-07-04 21:00:43,411-INFO-epoch: 0 idx: 850 cost: 6.398283 ppl: 600.812600
2017-07-04 21:00:55,393-INFO-epoch: 0 idx: 900 cost: 6.442236 ppl: 627.808943
2017-07-04 21:01:05,374-INFO-epoch: 0 idx: 950 cost: 6.436701 ppl: 624.343410
2017-07-04 21:01:17,586-INFO-epoch: 0 idx: 1000 cost: 6.457793 ppl: 637.651898
2017-07-04 21:01:17,587-INFO-validing...
2017-07-04 21:08:55,213-INFO-validation cost: 6.043183 perplexity: 421.231633,word_error_rate:0.825701
2017-07-04 21:09:07,599-INFO-epoch: 0 idx: 1050 cost: 6.309418 ppl: 549.724869
2017-07-04 21:09:18,093-INFO-epoch: 0 idx: 1100 cost: 6.358384 ppl: 577.312433
2017-07-04 21:09:28,488-INFO-epoch: 0 idx: 1150 cost: 6.238241 ppl: 511.957017
2017-07-04 21:09:38,698-INFO-epoch: 0 idx: 1200 cost: 6.315017 ppl: 552.811714
2017-07-04 21:09:48,651-INFO-epoch: 0 idx: 1250 cost: 6.416937 ppl: 612.125276
2017-07-04 21:10:00,253-INFO-epoch: 0 idx: 1300 cost: 6.202756 ppl: 494.109131
2017-07-04 21:10:11,977-INFO-epoch: 0 idx: 1350 cost: 6.222249 ppl: 503.835181
2017-07-04 21:10:23,012-INFO-epoch: 0 idx: 1400 cost: 6.188657 ppl: 487.191544
2017-07-04 21:10:33,479-INFO-epoch: 0 idx: 1450 cost: 6.213330 ppl: 499.361522
2017-07-04 21:10:45,413-INFO-epoch: 0 idx: 1500 cost: 6.215272 ppl: 500.332065
2017-07-04 21:10:56,854-INFO-epoch: 0 idx: 1550 cost: 6.191127 ppl: 488.396025
2017-07-04 21:11:08,552-INFO-epoch: 0 idx: 1600 cost: 6.121951 ppl: 455.752801
2017-07-04 21:11:19,814-INFO-epoch: 0 idx: 1650 cost: 6.201632 ppl: 493.554087
2017-07-04 21:11:30,693-INFO-epoch: 0 idx: 1700 cost: 6.060122 ppl: 428.427573
2017-07-04 21:11:42,409-INFO-epoch: 0 idx: 1750 cost: 6.157488 ppl: 472.240263
2017-07-04 21:11:53,404-INFO-epoch: 1 idx: 1800 cost: 0.854314 ppl: 2.349761
2017-07-04 21:12:04,441-INFO-epoch: 1 idx: 1850 cost: 5.935095 ppl: 378.075910
2017-07-04 21:12:16,373-INFO-epoch: 1 idx: 1900 cost: 5.861256 ppl: 351.165024
2017-07-04 21:12:26,526-INFO-epoch: 1 idx: 1950 cost: 5.712129 ppl: 302.514404
2017-07-04 21:12:37,792-INFO-epoch: 1 idx: 2000 cost: 5.759360 ppl: 317.145434
2017-07-04 21:12:37,792-INFO-validing...
2017-07-04 21:20:10,777-INFO-validation cost: 5.679563 perplexity: 292.821520,word_error_rate:0.797325
2017-07-04 21:20:10,777-INFO-testing...
2017-07-04 21:28:18,530-INFO-test cost: 5.593586 perplexity: 268.697566,word_error_rate:0.797272
2017-07-04 21:28:29,309-INFO-epoch: 1 idx: 2050 cost: 5.933539 ppl: 377.488234
2017-07-04 21:28:40,684-INFO-epoch: 1 idx: 2100 cost: 5.930467 ppl: 376.330120
2017-07-04 21:28:52,561-INFO-epoch: 1 idx: 2150 cost: 5.876192 ppl: 356.449454
2017-07-04 21:29:03,523-INFO-epoch: 1 idx: 2200 cost: 5.816678 ppl: 335.854506
2017-07-04 21:29:14,555-INFO-epoch: 1 idx: 2250 cost: 5.801654 ppl: 330.846313
2017-07-04 21:29:25,578-INFO-epoch: 1 idx: 2300 cost: 5.848476 ppl: 346.705572
2017-07-04 21:29:37,576-INFO-epoch: 1 idx: 2350 cost: 5.727259 ppl: 307.126239
2017-07-04 21:29:48,174-INFO-epoch: 1 idx: 2400 cost: 5.729627 ppl: 307.854396
2017-07-04 21:29:59,478-INFO-epoch: 1 idx: 2450 cost: 5.709291 ppl: 301.657144
2017-07-04 21:30:10,777-INFO-epoch: 1 idx: 2500 cost: 5.717621 ppl: 304.180281
2017-07-04 21:30:21,511-INFO-epoch: 1 idx: 2550 cost: 5.661275 ppl: 287.515083
2017-07-04 21:30:32,801-INFO-epoch: 1 idx: 2600 cost: 5.671096 ppl: 290.352581
2017-07-04 21:30:44,245-INFO-epoch: 1 idx: 2650 cost: 5.572451 ppl: 263.078054
2017-07-04 21:30:56,090-INFO-epoch: 1 idx: 2700 cost: 5.678630 ppl: 292.548397
2017-07-04 21:31:06,046-INFO-epoch: 1 idx: 2750 cost: 5.652133 ppl: 284.898365
2017-07-04 21:31:18,115-INFO-epoch: 1 idx: 2800 cost: 5.690269 ppl: 295.973245
2017-07-04 21:31:30,184-INFO-epoch: 1 idx: 2850 cost: 5.630945 ppl: 278.925531
2017-07-04 21:31:40,681-INFO-epoch: 1 idx: 2900 cost: 5.633426 ppl: 279.618344
2017-07-04 21:31:51,487-INFO-epoch: 1 idx: 2950 cost: 5.507308 ppl: 246.486707
2017-07-04 21:32:00,910-INFO-epoch: 1 idx: 3000 cost: 5.592074 ppl: 268.291391
2017-07-04 21:32:00,910-INFO-validing...
2017-07-04 21:39:42,450-INFO-validation cost: 5.511908 perplexity: 247.623122,word_error_rate:0.787674
2017-07-04 21:39:52,921-INFO-epoch: 1 idx: 3050 cost: 5.692833 ppl: 296.733134
2017-07-04 21:40:04,780-INFO-epoch: 1 idx: 3100 cost: 5.591942 ppl: 268.256115
2017-07-04 21:40:16,498-INFO-epoch: 1 idx: 3150 cost: 5.617186 ppl: 275.114112
2017-07-04 21:40:27,249-INFO-epoch: 1 idx: 3200 cost: 5.514860 ppl: 248.355089
2017-07-04 21:40:37,894-INFO-epoch: 1 idx: 3250 cost: 5.552615 ppl: 257.911101
2017-07-04 21:40:49,630-INFO-epoch: 1 idx: 3300 cost: 5.652960 ppl: 285.134075
2017-07-04 21:41:01,370-INFO-epoch: 1 idx: 3350 cost: 5.629402 ppl: 278.495620
2017-07-04 21:41:12,604-INFO-epoch: 1 idx: 3400 cost: 5.566040 ppl: 261.397003
2017-07-04 21:41:24,007-INFO-epoch: 1 idx: 3450 cost: 5.581754 ppl: 265.537032
2017-07-04 21:41:35,111-INFO-epoch: 1 idx: 3500 cost: 5.512241 ppl: 247.705543
2017-07-04 21:41:46,823-INFO-epoch: 1 idx: 3550 cost: 5.630865 ppl: 278.903185
2017-07-04 21:41:56,979-INFO-epoch: 2 idx: 3600 cost: 1.570425 ppl: 4.808692
2017-07-04 21:42:08,616-INFO-epoch: 2 idx: 3650 cost: 5.503734 ppl: 245.607397
2017-07-04 21:42:20,218-INFO-epoch: 2 idx: 3700 cost: 5.331535 ppl: 206.755023
2017-07-04 21:42:30,886-INFO-epoch: 2 idx: 3750 cost: 5.298272 ppl: 199.990912
2017-07-04 21:42:41,814-INFO-epoch: 2 idx: 3800 cost: 5.341518 ppl: 208.829459
2017-07-04 21:42:52,212-INFO-epoch: 2 idx: 3850 cost: 5.483152 ppl: 240.603915
2017-07-04 21:43:03,462-INFO-epoch: 2 idx: 3900 cost: 5.470691 ppl: 237.624428
2017-07-04 21:43:14,533-INFO-epoch: 2 idx: 3950 cost: 5.438053 ppl: 229.993834
2017-07-04 21:43:25,954-INFO-epoch: 2 idx: 4000 cost: 5.434937 ppl: 229.278421
2017-07-04 21:43:25,955-INFO-validing...
2017-07-04 21:50:59,449-INFO-validation cost: 5.383460 perplexity: 217.774437,word_error_rate:0.779830
2017-07-04 21:50:59,449-INFO-testing...
2017-07-04 21:59:09,956-INFO-test cost: 5.297172 perplexity: 199.771088,word_error_rate:0.778522
2017-07-04 21:59:20,582-INFO-epoch: 2 idx: 4050 cost: 5.407026 ppl: 222.967460
2017-07-04 21:59:31,666-INFO-epoch: 2 idx: 4100 cost: 5.406655 ppl: 222.884755
2017-07-04 21:59:43,489-INFO-epoch: 2 idx: 4150 cost: 5.367650 ppl: 214.358591
2017-07-04 21:59:54,068-INFO-epoch: 2 idx: 4200 cost: 5.276845 ppl: 195.751398
2017-07-04 22:00:05,480-INFO-epoch: 2 idx: 4250 cost: 5.302769 ppl: 200.892302
2017-07-04 22:00:16,688-INFO-epoch: 2 idx: 4300 cost: 5.320418 ppl: 204.469423
2017-07-04 22:00:27,503-INFO-epoch: 2 idx: 4350 cost: 5.241810 ppl: 189.011899
2017-07-04 22:00:39,378-INFO-epoch: 2 idx: 4400 cost: 5.339362 ppl: 208.379807
2017-07-04 22:00:50,516-INFO-epoch: 2 idx: 4450 cost: 5.150673 ppl: 172.547498
2017-07-04 22:01:02,155-INFO-epoch: 2 idx: 4500 cost: 5.233628 ppl: 187.471789
2017-07-04 22:01:12,543-INFO-epoch: 2 idx: 4550 cost: 5.328570 ppl: 206.143037
2017-07-04 22:01:24,645-INFO-epoch: 2 idx: 4600 cost: 5.319262 ppl: 204.233110
2017-07-04 22:01:36,421-INFO-epoch: 2 idx: 4650 cost: 5.242479 ppl: 189.138426
2017-07-04 22:01:46,979-INFO-epoch: 2 idx: 4700 cost: 5.213674 ppl: 183.767941
2017-07-04 22:01:57,764-INFO-epoch: 2 idx: 4750 cost: 5.166154 ppl: 175.239549
2017-07-04 22:02:07,363-INFO-epoch: 2 idx: 4800 cost: 5.194553 ppl: 180.287458
2017-07-04 22:02:18,170-INFO-epoch: 2 idx: 4850 cost: 5.298649 ppl: 200.066264
2017-07-04 22:02:29,825-INFO-epoch: 2 idx: 4900 cost: 5.215088 ppl: 184.028035
2017-07-04 22:02:41,849-INFO-epoch: 2 idx: 4950 cost: 5.261383 ppl: 192.747875
2017-07-04 22:02:52,638-INFO-epoch: 2 idx: 5000 cost: 5.176629 ppl: 177.084908
2017-07-04 22:02:52,638-INFO-validing...
2017-07-04 22:10:30,423-INFO-validation cost: 5.326842 perplexity: 205.787068,word_error_rate:0.776973
2017-07-04 22:10:41,051-INFO-epoch: 2 idx: 5050 cost: 5.135400 ppl: 169.932196
2017-07-04 22:10:53,031-INFO-epoch: 2 idx: 5100 cost: 5.341744 ppl: 208.876599
2017-07-04 22:11:04,944-INFO-epoch: 2 idx: 5150 cost: 5.263008 ppl: 193.061328
2017-07-04 22:11:16,119-INFO-epoch: 2 idx: 5200 cost: 5.257112 ppl: 191.926406
2017-07-04 22:11:27,055-INFO-epoch: 2 idx: 5250 cost: 5.163361 ppl: 174.750831
2017-07-04 22:11:38,347-INFO-epoch: 2 idx: 5300 cost: 5.199862 ppl: 181.247275
2017-07-04 22:11:49,563-INFO-epoch: 2 idx: 5350 cost: 5.293881 ppl: 199.114722
2017-07-04 22:11:59,990-INFO-epoch: 3 idx: 5400 cost: 2.174124 ppl: 8.794476
2017-07-04 22:12:11,778-INFO-epoch: 3 idx: 5450 cost: 5.211909 ppl: 183.443964
2017-07-04 22:12:23,235-INFO-epoch: 3 idx: 5500 cost: 5.025673 ppl: 152.272668
2017-07-04 22:12:33,868-INFO-epoch: 3 idx: 5550 cost: 4.927591 ppl: 138.046528
2017-07-04 22:12:44,638-INFO-epoch: 3 idx: 5600 cost: 5.059784 ppl: 157.556553
2017-07-04 22:12:55,213-INFO-epoch: 3 idx: 5650 cost: 5.185482 ppl: 178.659598
2017-07-04 22:13:06,833-INFO-epoch: 3 idx: 5700 cost: 5.107706 ppl: 165.290747
2017-07-04 22:13:17,783-INFO-epoch: 3 idx: 5750 cost: 5.120271 ppl: 167.380713
2017-07-04 22:13:29,326-INFO-epoch: 3 idx: 5800 cost: 5.140856 ppl: 170.861972
2017-07-04 22:13:39,696-INFO-epoch: 3 idx: 5850 cost: 5.114153 ppl: 166.359774
2017-07-04 22:13:51,314-INFO-epoch: 3 idx: 5900 cost: 5.023656 ppl: 151.965949
2017-07-04 22:14:03,018-INFO-epoch: 3 idx: 5950 cost: 5.077915 ppl: 160.439225
2017-07-04 22:14:13,733-INFO-epoch: 3 idx: 6000 cost: 4.928862 ppl: 138.222149
2017-07-04 22:14:13,734-INFO-validing...
2017-07-04 22:21:53,776-INFO-validation cost: 5.304085 perplexity: 201.156818,word_error_rate:0.778232
2017-07-04 22:21:53,776-INFO-testing...
2017-07-04 22:30:03,397-INFO-test cost: 5.223976 perplexity: 185.670906,word_error_rate:0.777314
2017-07-04 22:30:14,200-INFO-epoch: 3 idx: 6050 cost: 4.974063 ppl: 144.613293
2017-07-04 22:30:25,303-INFO-epoch: 3 idx: 6100 cost: 5.040504 ppl: 154.547881
2017-07-04 22:30:36,448-INFO-epoch: 3 idx: 6150 cost: 4.939794 ppl: 139.741450
2017-07-04 22:30:47,905-INFO-epoch: 3 idx: 6200 cost: 4.988738 ppl: 146.751169
2017-07-04 22:30:59,113-INFO-epoch: 3 idx: 6250 cost: 4.865285 ppl: 129.707841
2017-07-04 22:31:10,266-INFO-epoch: 3 idx: 6300 cost: 4.891014 ppl: 133.088500
2017-07-04 22:31:21,085-INFO-epoch: 3 idx: 6350 cost: 5.058055 ppl: 157.284367
2017-07-04 22:31:32,761-INFO-epoch: 3 idx: 6400 cost: 5.037317 ppl: 154.056113
2017-07-04 22:31:44,285-INFO-epoch: 3 idx: 6450 cost: 4.932232 ppl: 138.688723
2017-07-04 22:31:54,655-INFO-epoch: 3 idx: 6500 cost: 4.880425 ppl: 131.686643
2017-07-04 22:32:05,656-INFO-epoch: 3 idx: 6550 cost: 4.895554 ppl: 133.694052
2017-07-04 22:32:15,230-INFO-epoch: 3 idx: 6600 cost: 4.893607 ppl: 133.434022
2017-07-04 22:32:26,282-INFO-epoch: 3 idx: 6650 cost: 4.971102 ppl: 144.185655
2017-07-04 22:32:37,863-INFO-epoch: 3 idx: 6700 cost: 4.967286 ppl: 143.636592
2017-07-04 22:32:49,881-INFO-epoch: 3 idx: 6750 cost: 4.998642 ppl: 148.211810
2017-07-04 22:33:00,144-INFO-epoch: 3 idx: 6800 cost: 4.821218 ppl: 124.116137
2017-07-04 22:33:11,598-INFO-epoch: 3 idx: 6850 cost: 4.892504 ppl: 133.286868
2017-07-04 22:33:23,370-INFO-epoch: 3 idx: 6900 cost: 5.061832 ppl: 157.879425
2017-07-04 22:33:35,192-INFO-epoch: 3 idx: 6950 cost: 4.992786 ppl: 147.346368
2017-07-04 22:33:46,387-INFO-epoch: 3 idx: 7000 cost: 4.994929 ppl: 147.662471
2017-07-04 22:33:46,387-INFO-validing...
2017-07-04 22:41:24,394-INFO-validation cost: 5.240116 perplexity: 188.692022,word_error_rate:0.772360
2017-07-04 22:41:35,371-INFO-epoch: 3 idx: 7050 cost: 4.895977 ppl: 133.750591
2017-07-04 22:41:45,950-INFO-epoch: 3 idx: 7100 cost: 4.861595 ppl: 129.230120
2017-07-04 22:41:56,809-INFO-epoch: 3 idx: 7150 cost: 5.068918 ppl: 159.002226
2017-07-04 22:42:07,432-INFO-epoch: 4 idx: 7200 cost: 2.703826 ppl: 14.936767
2017-07-04 22:42:18,875-INFO-epoch: 4 idx: 7250 cost: 4.987718 ppl: 146.601458
2017-07-04 22:42:30,044-INFO-epoch: 4 idx: 7300 cost: 4.764412 ppl: 117.262130
2017-07-04 22:42:40,782-INFO-epoch: 4 idx: 7350 cost: 4.570898 ppl: 96.630869
2017-07-04 22:42:51,557-INFO-epoch: 4 idx: 7400 cost: 4.890105 ppl: 132.967601
2017-07-04 22:43:01,858-INFO-epoch: 4 idx: 7450 cost: 4.840725 ppl: 126.561020
2017-07-04 22:43:13,386-INFO-epoch: 4 idx: 7500 cost: 4.867006 ppl: 129.931384
2017-07-04 22:43:23,919-INFO-epoch: 4 idx: 7550 cost: 4.882288 ppl: 131.932145
2017-07-04 22:43:35,421-INFO-epoch: 4 idx: 7600 cost: 4.860243 ppl: 129.055534
2017-07-04 22:43:45,512-INFO-epoch: 4 idx: 7650 cost: 4.795353 ppl: 120.947082
2017-07-04 22:43:57,279-INFO-epoch: 4 idx: 7700 cost: 4.828089 ppl: 124.971852
2017-07-04 22:44:08,683-INFO-epoch: 4 idx: 7750 cost: 4.727879 ppl: 113.055538
2017-07-04 22:44:19,580-INFO-epoch: 4 idx: 7800 cost: 4.704787 ppl: 110.474709
2017-07-04 22:44:30,379-INFO-epoch: 4 idx: 7850 cost: 4.746380 ppl: 115.166637
2017-07-04 22:44:41,309-INFO-epoch: 4 idx: 7900 cost: 4.734541 ppl: 113.811195
2017-07-04 22:44:52,454-INFO-epoch: 4 idx: 7950 cost: 4.768676 ppl: 117.763250
2017-07-04 22:45:03,765-INFO-epoch: 4 idx: 8000 cost: 4.710040 ppl: 111.056569
2017-07-04 22:45:03,765-INFO-validing...
2017-07-04 22:52:19,999-INFO-validation cost: 5.239960 perplexity: 188.662602,word_error_rate:0.772436
2017-07-04 22:52:19,999-INFO-testing...
2017-07-04 23:00:04,905-INFO-test cost: 5.152389 perplexity: 172.843892,word_error_rate:0.769244
2017-07-04 23:00:15,855-INFO-epoch: 4 idx: 8050 cost: 4.613630 ppl: 100.849549
2017-07-04 23:00:27,059-INFO-epoch: 4 idx: 8100 cost: 4.631416 ppl: 102.659350
2017-07-04 23:00:37,706-INFO-epoch: 4 idx: 8150 cost: 4.800056 ppl: 121.517252
2017-07-04 23:00:49,729-INFO-epoch: 4 idx: 8200 cost: 4.826822 ppl: 124.813665
2017-07-04 23:01:00,910-INFO-epoch: 4 idx: 8250 cost: 4.672956 ppl: 107.013610
2017-07-04 23:01:11,371-INFO-epoch: 4 idx: 8300 cost: 4.567918 ppl: 96.343332
2017-07-04 23:01:21,982-INFO-epoch: 4 idx: 8350 cost: 4.668946 ppl: 106.585340
2017-07-04 23:01:31,173-INFO-epoch: 4 idx: 8400 cost: 4.668868 ppl: 106.577036
2017-07-04 23:01:42,285-INFO-epoch: 4 idx: 8450 cost: 4.682271 ppl: 108.015139
2017-07-04 23:01:54,049-INFO-epoch: 4 idx: 8500 cost: 4.757588 ppl: 116.464706
2017-07-04 23:02:05,455-INFO-epoch: 4 idx: 8550 cost: 4.772865 ppl: 118.257520
2017-07-04 23:02:15,788-INFO-epoch: 4 idx: 8600 cost: 4.552027 ppl: 94.824466
2017-07-04 23:02:26,821-INFO-epoch: 4 idx: 8650 cost: 4.574426 ppl: 96.972324
2017-07-04 23:02:38,475-INFO-epoch: 4 idx: 8700 cost: 4.855469 ppl: 128.440883
2017-07-04 23:02:50,170-INFO-epoch: 4 idx: 8750 cost: 4.803934 ppl: 121.989411
2017-07-04 23:03:01,079-INFO-epoch: 4 idx: 8800 cost: 4.796947 ppl: 121.140004
2017-07-04 23:03:11,893-INFO-epoch: 4 idx: 8850 cost: 4.632271 ppl: 102.747184
2017-07-04 23:03:22,857-INFO-epoch: 4 idx: 8900 cost: 4.653658 ppl: 104.968283
2017-07-04 23:03:33,482-INFO-epoch: 4 idx: 8950 cost: 4.846215 ppl: 127.257839
2017-07-04 23:03:44,293-INFO-epoch: 5 idx: 9000 cost: 3.221249 ppl: 25.059402
2017-07-04 23:03:44,293-INFO-validing...
2017-07-04 23:10:58,808-INFO-validation cost: 5.260030 perplexity: 192.487287,word_error_rate:0.771054
2017-07-04 23:11:10,194-INFO-epoch: 5 idx: 9050 cost: 4.758716 ppl: 116.596064
2017-07-04 23:11:21,616-INFO-epoch: 5 idx: 9100 cost: 4.547600 ppl: 94.405589
2017-07-04 23:11:32,131-INFO-epoch: 5 idx: 9150 cost: 4.330180 ppl: 75.957922
2017-07-04 23:11:42,164-INFO-epoch: 5 idx: 9200 cost: 4.594185 ppl: 98.907534
2017-07-04 23:11:52,976-INFO-epoch: 5 idx: 9250 cost: 4.540683 ppl: 93.754849
2017-07-04 23:12:05,117-INFO-epoch: 5 idx: 9300 cost: 4.758172 ppl: 116.532673
2017-07-04 23:12:15,590-INFO-epoch: 5 idx: 9350 cost: 4.663343 ppl: 105.989777
2017-07-04 23:12:26,835-INFO-epoch: 5 idx: 9400 cost: 4.641924 ppl: 103.743757
2017-07-04 23:12:37,003-INFO-epoch: 5 idx: 9450 cost: 4.558938 ppl: 95.482006
2017-07-04 23:12:48,671-INFO-epoch: 5 idx: 9500 cost: 4.616644 ppl: 101.154027
2017-07-04 23:12:59,429-INFO-epoch: 5 idx: 9550 cost: 4.392764 ppl: 80.863614
2017-07-04 23:13:10,807-INFO-epoch: 5 idx: 9600 cost: 4.546180 ppl: 94.271607
2017-07-04 23:13:21,861-INFO-epoch: 5 idx: 9650 cost: 4.556504 ppl: 95.249896
2017-07-04 23:13:32,348-INFO-epoch: 5 idx: 9700 cost: 4.483131 ppl: 88.511346
2017-07-04 23:13:43,544-INFO-epoch: 5 idx: 9750 cost: 4.585634 ppl: 98.065362
2017-07-04 23:13:54,841-INFO-epoch: 5 idx: 9800 cost: 4.446489 ppl: 85.326800
2017-07-04 23:14:06,037-INFO-epoch: 5 idx: 9850 cost: 4.477742 ppl: 88.035688
2017-07-04 23:14:17,120-INFO-epoch: 5 idx: 9900 cost: 4.373531 ppl: 79.323218
2017-07-04 23:14:27,856-INFO-epoch: 5 idx: 9950 cost: 4.648359 ppl: 104.413503
2017-07-04 23:14:39,905-INFO-epoch: 5 idx: 10000 cost: 4.600474 ppl: 99.531530
2017-07-04 23:14:39,905-INFO-validing...
2017-07-04 23:21:53,963-INFO-validation cost: 5.211825 perplexity: 183.428560,word_error_rate:0.770440
2017-07-04 23:21:53,963-INFO-testing...
2017-07-04 23:29:37,982-INFO-test cost: 5.121551 perplexity: 167.595075,word_error_rate:0.768261
2017-07-04 23:29:48,584-INFO-epoch: 5 idx: 10050 cost: 4.386292 ppl: 80.341976
2017-07-04 23:29:59,332-INFO-epoch: 5 idx: 10100 cost: 4.427055 ppl: 83.684578
2017-07-04 23:30:09,722-INFO-epoch: 5 idx: 10150 cost: 4.420882 ppl: 83.169637
2017-07-04 23:30:19,012-INFO-epoch: 5 idx: 10200 cost: 4.437847 ppl: 84.592617
2017-07-04 23:30:30,587-INFO-epoch: 5 idx: 10250 cost: 4.516703 ppl: 91.533303
2017-07-04 23:30:42,062-INFO-epoch: 5 idx: 10300 cost: 4.514882 ppl: 91.366821
2017-07-04 23:30:53,630-INFO-epoch: 5 idx: 10350 cost: 4.541446 ppl: 93.826379
2017-07-04 23:31:03,768-INFO-epoch: 5 idx: 10400 cost: 4.395157 ppl: 81.057394
2017-07-04 23:31:14,439-INFO-epoch: 5 idx: 10450 cost: 4.335058 ppl: 76.329378
2017-07-04 23:31:26,618-INFO-epoch: 5 idx: 10500 cost: 4.682249 ppl: 108.012685
2017-07-04 23:31:38,003-INFO-epoch: 5 idx: 10550 cost: 4.621888 ppl: 101.685869
2017-07-04 23:31:49,348-INFO-epoch: 5 idx: 10600 cost: 4.616972 ppl: 101.187168
2017-07-04 23:31:59,440-INFO-epoch: 5 idx: 10650 cost: 4.392688 ppl: 80.857449
2017-07-04 23:32:10,943-INFO-epoch: 5 idx: 10700 cost: 4.564381 ppl: 96.003180
2017-07-04 23:32:21,446-INFO-epoch: 5 idx: 10750 cost: 4.618963 ppl: 101.388844
2017-07-04 23:32:32,442-INFO-epoch: 6 idx: 10800 cost: 3.746507 ppl: 42.372816
2017-07-04 23:32:43,982-INFO-epoch: 6 idx: 10850 cost: 4.541587 ppl: 93.839562
2017-07-04 23:32:54,829-INFO-epoch: 6 idx: 10900 cost: 4.213652 ppl: 67.602988
2017-07-04 23:33:05,532-INFO-epoch: 6 idx: 10950 cost: 4.258847 ppl: 70.728394
2017-07-04 23:33:15,858-INFO-epoch: 6 idx: 11000 cost: 4.437241 ppl: 84.541370
2017-07-04 23:33:15,858-INFO-validing...
2017-07-04 23:40:28,486-INFO-validation cost: 5.295158 perplexity: 199.369150,word_error_rate:0.770086
2017-07-04 23:40:39,213-INFO-epoch: 6 idx: 11050 cost: 4.278064 ppl: 72.100683
2017-07-04 23:40:51,308-INFO-epoch: 6 idx: 11100 cost: 4.599733 ppl: 99.457763
2017-07-04 23:41:01,853-INFO-epoch: 6 idx: 11150 cost: 4.553239 ppl: 94.939394
2017-07-04 23:41:12,551-INFO-epoch: 6 idx: 11200 cost: 4.396449 ppl: 81.162121
2017-07-04 23:41:23,252-INFO-epoch: 6 idx: 11250 cost: 4.423610 ppl: 83.396780
2017-07-04 23:41:35,066-INFO-epoch: 6 idx: 11300 cost: 4.345796 ppl: 77.153403
2017-07-04 23:41:45,932-INFO-epoch: 6 idx: 11350 cost: 4.258044 ppl: 70.671593
2017-07-04 23:41:57,177-INFO-epoch: 6 idx: 11400 cost: 4.276960 ppl: 72.021168
2017-07-04 23:42:08,590-INFO-epoch: 6 idx: 11450 cost: 4.415867 ppl: 82.753591
2017-07-04 23:42:19,037-INFO-epoch: 6 idx: 11500 cost: 4.246377 ppl: 69.851847
2017-07-04 23:42:30,294-INFO-epoch: 6 idx: 11550 cost: 4.434623 ppl: 84.320369
2017-07-04 23:42:41,916-INFO-epoch: 6 idx: 11600 cost: 4.301573 ppl: 73.815851
2017-07-04 23:42:53,203-INFO-epoch: 6 idx: 11650 cost: 4.308005 ppl: 74.292108
2017-07-04 23:43:03,558-INFO-epoch: 6 idx: 11700 cost: 4.112544 ppl: 61.101989
2017-07-04 23:43:15,183-INFO-epoch: 6 idx: 11750 cost: 4.554373 ppl: 95.047096
2017-07-04 23:43:27,258-INFO-epoch: 6 idx: 11800 cost: 4.425267 ppl: 83.535091
2017-07-04 23:43:37,856-INFO-epoch: 6 idx: 11850 cost: 4.150931 ppl: 63.493064
2017-07-04 23:43:48,426-INFO-epoch: 6 idx: 11900 cost: 4.266425 ppl: 71.266408
2017-07-04 23:43:58,485-INFO-epoch: 6 idx: 11950 cost: 4.147821 ppl: 63.295924
2017-07-04 23:44:08,174-INFO-epoch: 6 idx: 12000 cost: 4.280755 ppl: 72.295000
2017-07-04 23:44:08,189-INFO-validing...
2017-07-04 23:51:22,698-INFO-validation cost: 5.265500 perplexity: 193.542973,word_error_rate:0.768550
2017-07-04 23:51:22,698-INFO-testing...
2017-07-04 23:59:01,492-INFO-test cost: 5.156799 perplexity: 173.607782,word_error_rate:0.765017
2017-07-04 23:59:12,915-INFO-epoch: 6 idx: 12050 cost: 4.225123 ppl: 68.382940
2017-07-04 23:59:24,482-INFO-epoch: 6 idx: 12100 cost: 4.509793 ppl: 90.903023
2017-07-04 23:59:35,582-INFO-epoch: 6 idx: 12150 cost: 4.260545 ppl: 70.848578
2017-07-04 23:59:45,722-INFO-epoch: 6 idx: 12200 cost: 4.191938 ppl: 66.150880
2017-07-04 23:59:56,954-INFO-epoch: 6 idx: 12250 cost: 4.306559 ppl: 74.184750
2017-07-05 00:00:08,603-INFO-epoch: 6 idx: 12300 cost: 4.464776 ppl: 86.901568
2017-07-05 00:00:19,944-INFO-epoch: 6 idx: 12350 cost: 4.438414 ppl: 84.640632
2017-07-05 00:00:31,332-INFO-epoch: 6 idx: 12400 cost: 4.442648 ppl: 84.999761
2017-07-05 00:00:41,701-INFO-epoch: 6 idx: 12450 cost: 4.137854 ppl: 62.668202
2017-07-05 00:00:52,990-INFO-epoch: 6 idx: 12500 cost: 4.416802 ppl: 82.831003
2017-07-05 00:01:03,800-INFO-epoch: 6 idx: 12550 cost: 4.435823 ppl: 84.421534
2017-07-05 00:01:14,767-INFO-epoch: 7 idx: 12600 cost: 4.184831 ppl: 65.682409
2017-07-05 00:01:26,163-INFO-epoch: 7 idx: 12650 cost: 4.371148 ppl: 79.134394
2017-07-05 00:01:36,284-INFO-epoch: 7 idx: 12700 cost: 3.926995 ppl: 50.754229
2017-07-05 00:01:47,477-INFO-epoch: 7 idx: 12750 cost: 4.164907 ppl: 64.386679
2017-07-05 00:01:58,067-INFO-epoch: 7 idx: 12800 cost: 4.272720 ppl: 71.716474
2017-07-05 00:02:09,230-INFO-epoch: 7 idx: 12850 cost: 4.099125 ppl: 60.287497
2017-07-05 00:02:21,244-INFO-epoch: 7 idx: 12900 cost: 4.393541 ppl: 80.926451
2017-07-05 00:02:31,764-INFO-epoch: 7 idx: 12950 cost: 4.404246 ppl: 81.797478
2017-07-05 00:02:42,742-INFO-epoch: 7 idx: 13000 cost: 4.213099 ppl: 67.565607
2017-07-05 00:02:42,743-INFO-validing...
2017-07-05 00:09:54,681-INFO-validation cost: 5.261958 perplexity: 192.858795,word_error_rate:0.767623
2017-07-05 00:10:05,090-INFO-epoch: 7 idx: 13050 cost: 4.246721 ppl: 69.875900
2017-07-05 00:10:17,216-INFO-epoch: 7 idx: 13100 cost: 4.223368 ppl: 68.263031
2017-07-05 00:10:27,779-INFO-epoch: 7 idx: 13150 cost: 4.074836 ppl: 58.840809
2017-07-05 00:10:39,001-INFO-epoch: 7 idx: 13200 cost: 4.098757 ppl: 60.265332
2017-07-05 00:10:49,826-INFO-epoch: 7 idx: 13250 cost: 4.172509 ppl: 64.878022
2017-07-05 00:11:00,629-INFO-epoch: 7 idx: 13300 cost: 4.160467 ppl: 64.101448
2017-07-05 00:11:11,465-INFO-epoch: 7 idx: 13350 cost: 4.184043 ppl: 65.630653
2017-07-05 00:11:22,683-INFO-epoch: 7 idx: 13400 cost: 4.056811 ppl: 57.789748
2017-07-05 00:11:34,413-INFO-epoch: 7 idx: 13450 cost: 4.307178 ppl: 74.230681
2017-07-05 00:11:44,187-INFO-epoch: 7 idx: 13500 cost: 3.909891 ppl: 49.893513
2017-07-05 00:11:56,146-INFO-epoch: 7 idx: 13550 cost: 4.382943 ppl: 80.073360
2017-07-05 00:12:08,465-INFO-epoch: 7 idx: 13600 cost: 4.267033 ppl: 71.309776
2017-07-05 00:12:18,826-INFO-epoch: 7 idx: 13650 cost: 4.033082 ppl: 56.434577
2017-07-05 00:12:29,083-INFO-epoch: 7 idx: 13700 cost: 4.039829 ppl: 56.816631
2017-07-05 00:12:39,324-INFO-epoch: 7 idx: 13750 cost: 3.995457 ppl: 54.350698
2017-07-05 00:12:48,976-INFO-epoch: 7 idx: 13800 cost: 4.063906 ppl: 58.201206
2017-07-05 00:13:00,459-INFO-epoch: 7 idx: 13850 cost: 4.154612 ppl: 63.727248
2017-07-05 00:13:12,067-INFO-epoch: 7 idx: 13900 cost: 4.338609 ppl: 76.600880
2017-07-05 00:13:23,015-INFO-epoch: 7 idx: 13950 cost: 4.131576 ppl: 62.276021
2017-07-05 00:13:33,082-INFO-epoch: 7 idx: 14000 cost: 3.953466 ppl: 52.115663
2017-07-05 00:13:33,082-INFO-validing...
2017-07-05 00:20:44,364-INFO-validation cost: 5.274322 perplexity: 195.258052,word_error_rate:0.765729
2017-07-05 00:20:44,365-INFO-testing...
2017-07-05 00:28:34,454-INFO-test cost: 5.156001 perplexity: 173.469438,word_error_rate:0.761485
2017-07-05 00:28:46,187-INFO-epoch: 7 idx: 14050 cost: 4.253456 ppl: 70.348147
2017-07-05 00:28:57,607-INFO-epoch: 7 idx: 14100 cost: 4.230636 ppl: 68.760929
2017-07-05 00:29:08,826-INFO-epoch: 7 idx: 14150 cost: 4.288990 ppl: 72.892819
2017-07-05 00:29:19,858-INFO-epoch: 7 idx: 14200 cost: 4.236721 ppl: 69.180652
2017-07-05 00:30:47,285-INFO-epoch: 8 idx: 14600 cost: 4.141376 ppl: 62.889280
2017-07-05 00:30:58,135-INFO-epoch: 8 idx: 14650 cost: 3.996794 ppl: 54.423402
2017-07-05 00:31:09,722-INFO-epoch: 8 idx: 14700 cost: 4.177741 ppl: 65.218348
2017-07-05 00:31:20,420-INFO-epoch: 8 idx: 14750 cost: 4.250012 ppl: 70.106236
2017-07-05 00:31:31,422-INFO-epoch: 8 idx: 14800 cost: 4.047628 ppl: 57.261479
2017-07-05 00:31:42,242-INFO-epoch: 8 idx: 14850 cost: 4.133253 ppl: 62.380509
2017-07-05 00:31:54,431-INFO-epoch: 8 idx: 14900 cost: 4.024379 ppl: 55.945536
2017-07-05 00:32:05,068-INFO-epoch: 8 idx: 14950 cost: 3.932908 ppl: 51.055218
2017-07-05 00:32:16,609-INFO-epoch: 8 idx: 15000 cost: 3.926984 ppl: 50.753675
2017-07-05 00:32:16,609-INFO-validing...
2017-07-05 00:39:55,307-INFO-validation cost: 5.325808 perplexity: 205.574315,word_error_rate:0.771269
2017-07-05 00:40:06,414-INFO-epoch: 8 idx: 15050 cost: 4.052159 ppl: 57.521486
2017-07-05 00:40:17,314-INFO-epoch: 8 idx: 15100 cost: 4.025638 ppl: 56.016009
2017-07-05 00:40:28,417-INFO-epoch: 8 idx: 15150 cost: 4.057711 ppl: 57.841752
2017-07-05 00:40:39,854-INFO-epoch: 8 idx: 15200 cost: 3.866637 ppl: 47.781407
2017-07-05 00:40:51,572-INFO-epoch: 8 idx: 15250 cost: 4.153792 ppl: 63.674993
2017-07-05 00:41:01,535-INFO-epoch: 8 idx: 15300 cost: 3.824109 ppl: 45.791996
2017-07-05 00:41:13,529-INFO-epoch: 8 idx: 15350 cost: 4.177400 ppl: 65.196106
2017-07-05 00:41:25,630-INFO-epoch: 8 idx: 15400 cost: 4.091362 ppl: 59.821307
2017-07-05 00:41:35,959-INFO-epoch: 8 idx: 15450 cost: 3.925312 ppl: 50.668871
2017-07-05 00:41:46,792-INFO-epoch: 8 idx: 15500 cost: 3.842084 ppl: 46.622550
2017-07-05 00:41:56,186-INFO-epoch: 8 idx: 15550 cost: 3.733777 ppl: 41.836836
2017-07-05 00:42:06,890-INFO-epoch: 8 idx: 15600 cost: 4.021354 ppl: 55.776582
2017-07-05 00:42:18,723-INFO-epoch: 8 idx: 15650 cost: 4.114886 ppl: 61.245260
2017-07-05 00:42:30,658-INFO-epoch: 8 idx: 15700 cost: 4.152036 ppl: 63.563315
2017-07-05 00:42:41,278-INFO-epoch: 8 idx: 15750 cost: 3.912638 ppl: 50.030736
2017-07-05 00:42:51,742-INFO-epoch: 8 idx: 15800 cost: 3.836780 ppl: 46.375914
2017-07-05 00:43:03,535-INFO-epoch: 8 idx: 15850 cost: 4.208046 ppl: 67.225061
2017-07-05 00:43:15,369-INFO-epoch: 8 idx: 15900 cost: 4.066111 ppl: 58.329669
2017-07-05 00:43:26,752-INFO-epoch: 8 idx: 15950 cost: 4.123402 ppl: 61.769005
2017-07-05 00:43:38,165-INFO-epoch: 8 idx: 16000 cost: 4.047828 ppl: 57.272942
2017-07-05 00:43:38,165-INFO-validing...
2017-07-05 00:51:27,539-INFO-validation cost: 5.306908 perplexity: 201.725437,word_error_rate:0.768074
2017-07-05 00:51:27,539-INFO-testing...
2017-07-05 00:59:42,385-INFO-test cost: 5.205278 perplexity: 182.231542,word_error_rate:0.764828
2017-07-05 00:59:53,155-INFO-epoch: 8 idx: 16050 cost: 3.845972 ppl: 46.804157
2017-07-05 01:00:04,963-INFO-epoch: 8 idx: 16100 cost: 4.248794 ppl: 70.020902
2017-07-05 01:00:15,312-INFO-epoch: 9 idx: 16150 cost: 0.971089 ppl: 2.640819
2017-07-05 01:00:27,072-INFO-epoch: 9 idx: 16200 cost: 4.028536 ppl: 56.178602
2017-07-05 01:00:38,640-INFO-epoch: 9 idx: 16250 cost: 3.982403 ppl: 53.645806
2017-07-05 01:00:49,061-INFO-epoch: 9 idx: 16300 cost: 3.763010 ppl: 43.077886
2017-07-05 01:01:00,020-INFO-epoch: 9 idx: 16350 cost: 3.802440 ppl: 44.810378
2017-07-05 01:01:10,382-INFO-epoch: 9 idx: 16400 cost: 3.978974 ppl: 53.462140
2017-07-05 01:01:21,951-INFO-epoch: 9 idx: 16450 cost: 3.908016 ppl: 49.800060
2017-07-05 01:01:33,202-INFO-epoch: 9 idx: 16500 cost: 4.020260 ppl: 55.715578
2017-07-05 01:01:44,555-INFO-epoch: 9 idx: 16550 cost: 4.111166 ppl: 61.017833
2017-07-05 01:01:55,510-INFO-epoch: 9 idx: 16600 cost: 3.944530 ppl: 51.652078
2017-07-05 01:02:06,503-INFO-epoch: 9 idx: 16650 cost: 3.947467 ppl: 51.803978
2017-07-05 01:02:18,303-INFO-epoch: 9 idx: 16700 cost: 3.937234 ppl: 51.276579
2017-07-05 01:02:29,021-INFO-epoch: 9 idx: 16750 cost: 3.744478 ppl: 42.286933
2017-07-05 01:02:40,481-INFO-epoch: 9 idx: 16800 cost: 3.797056 ppl: 44.569781
2017-07-05 01:02:51,583-INFO-epoch: 9 idx: 16850 cost: 3.941596 ppl: 51.500739
2017-07-05 01:03:02,285-INFO-epoch: 9 idx: 16900 cost: 3.836212 ppl: 46.349562
2017-07-05 01:03:13,838-INFO-epoch: 9 idx: 16950 cost: 4.014249 ppl: 55.381669
2017-07-05 01:03:24,695-INFO-epoch: 9 idx: 17000 cost: 3.739431 ppl: 42.074037
2017-07-05 01:03:24,695-INFO-validing...
2017-07-05 01:11:01,792-INFO-validation cost: 5.376509 perplexity: 216.266023,word_error_rate:0.772411
2017-07-05 01:11:13,518-INFO-epoch: 9 idx: 17050 cost: 3.928429 ppl: 50.827043
2017-07-05 01:11:23,551-INFO-epoch: 9 idx: 17100 cost: 3.800030 ppl: 44.702515
2017-07-05 01:11:35,623-INFO-epoch: 9 idx: 17150 cost: 4.046862 ppl: 57.217630
2017-07-05 01:11:47,161-INFO-epoch: 9 idx: 17200 cost: 3.903356 ppl: 49.568522
2017-07-05 01:11:57,848-INFO-epoch: 9 idx: 17250 cost: 3.753020 ppl: 42.649690
2017-07-05 01:12:08,507-INFO-epoch: 9 idx: 17300 cost: 3.748699 ppl: 42.465799
2017-07-05 01:12:17,939-INFO-epoch: 9 idx: 17350 cost: 3.634164 ppl: 37.870184
2017-07-05 01:12:28,742-INFO-epoch: 9 idx: 17400 cost: 3.866517 ppl: 47.775705
2017-07-05 01:12:40,381-INFO-epoch: 9 idx: 17450 cost: 3.988463 ppl: 53.971874
2017-07-05 01:12:52,040-INFO-epoch: 9 idx: 17500 cost: 4.021636 ppl: 55.792286
2017-07-05 01:13:02,634-INFO-epoch: 9 idx: 17550 cost: 3.836066 ppl: 46.342790
2017-07-05 01:13:13,207-INFO-epoch: 9 idx: 17600 cost: 3.628012 ppl: 37.637932
2017-07-05 01:13:25,071-INFO-epoch: 9 idx: 17650 cost: 4.135568 ppl: 62.525071
2017-07-05 01:13:36,824-INFO-epoch: 9 idx: 17700 cost: 3.940716 ppl: 51.455416
2017-07-05 01:13:48,103-INFO-epoch: 9 idx: 17750 cost: 4.033634 ppl: 56.465728
2017-07-05 01:13:59,084-INFO-epoch: 9 idx: 17800 cost: 3.863941 ppl: 47.652801
2017-07-05 01:14:10,363-INFO-epoch: 9 idx: 17850 cost: 3.778873 ppl: 43.766697
2017-07-05 01:14:21,593-INFO-epoch: 9 idx: 17900 cost: 4.071929 ppl: 58.670039
2017-07-05 01:14:31,779-INFO-epoch: 10 idx: 17950 cost: 1.436523 ppl: 4.206044
2017-07-05 01:14:43,585-INFO-epoch: 10 idx: 18000 cost: 3.922870 ppl: 50.545304
2017-07-05 01:14:43,585-INFO-validing...
2017-07-05 01:22:18,616-INFO-validation cost: 5.404753 perplexity: 222.461259,word_error_rate:0.769922
2017-07-05 01:22:18,616-INFO-testing...
2017-07-05 01:30:27,895-INFO-test cost: 5.308085 perplexity: 201.963148,word_error_rate:0.767608
2017-07-05 01:30:39,387-INFO-epoch: 10 idx: 18050 cost: 3.879451 ppl: 48.397647
2017-07-05 01:30:50,144-INFO-epoch: 10 idx: 18100 cost: 3.591903 ppl: 36.303079
2017-07-05 01:31:00,883-INFO-epoch: 10 idx: 18150 cost: 3.736885 ppl: 41.967066
2017-07-05 01:31:11,662-INFO-epoch: 10 idx: 18200 cost: 3.855571 ppl: 47.255578
2017-07-05 01:31:22,915-INFO-epoch: 10 idx: 18250 cost: 3.782931 ppl: 43.944676
2017-07-05 01:31:33,981-INFO-epoch: 10 idx: 18300 cost: 3.921389 ppl: 50.470509
2017-07-05 01:31:45,425-INFO-epoch: 10 idx: 18350 cost: 3.951262 ppl: 52.000973
2017-07-05 01:31:55,723-INFO-epoch: 10 idx: 18400 cost: 3.830601 ppl: 46.090244
2017-07-05 01:32:07,228-INFO-epoch: 10 idx: 18450 cost: 3.816564 ppl: 45.447774
2017-07-05 01:32:18,902-INFO-epoch: 10 idx: 18500 cost: 3.864536 ppl: 47.681165
2017-07-05 01:32:29,615-INFO-epoch: 10 idx: 18550 cost: 3.635265 ppl: 37.911897
2017-07-05 01:32:40,819-INFO-epoch: 10 idx: 18600 cost: 3.638302 ppl: 38.027225
2017-07-05 01:32:51,799-INFO-epoch: 10 idx: 18650 cost: 3.826403 ppl: 45.897147
2017-07-05 01:33:02,858-INFO-epoch: 10 idx: 18700 cost: 3.721117 ppl: 41.310530
2017-07-05 01:33:14,351-INFO-epoch: 10 idx: 18750 cost: 3.842455 ppl: 46.639846
2017-07-05 01:33:25,654-INFO-epoch: 10 idx: 18800 cost: 3.623321 ppl: 37.461755
2017-07-05 01:33:37,082-INFO-epoch: 10 idx: 18850 cost: 3.785678 ppl: 44.065557
2017-07-05 01:33:48,200-INFO-epoch: 10 idx: 18900 cost: 3.742701 ppl: 42.211862
2017-07-05 01:34:00,078-INFO-epoch: 10 idx: 18950 cost: 3.937589 ppl: 51.294774
2017-07-05 01:34:12,058-INFO-epoch: 10 idx: 19000 cost: 3.791121 ppl: 44.306058
2017-07-05 01:34:12,058-INFO-validing...
2017-07-05 01:41:49,715-INFO-validation cost: 5.361450 perplexity: 213.033538,word_error_rate:0.767670
2017-07-05 01:41:59,814-INFO-epoch: 10 idx: 19050 cost: 3.564789 ppl: 35.331983
2017-07-05 01:42:10,701-INFO-epoch: 10 idx: 19100 cost: 3.650802 ppl: 38.505536
2017-07-05 01:42:20,167-INFO-epoch: 10 idx: 19150 cost: 3.544897 ppl: 34.636126
2017-07-05 01:42:31,245-INFO-epoch: 10 idx: 19200 cost: 3.762785 ppl: 43.068221
2017-07-05 01:42:42,889-INFO-epoch: 10 idx: 19250 cost: 3.889772 ppl: 48.899723
2017-07-05 01:42:54,954-INFO-epoch: 10 idx: 19300 cost: 3.881719 ppl: 48.507547
2017-07-05 01:43:05,004-INFO-epoch: 10 idx: 19350 cost: 3.594028 ppl: 36.380331
2017-07-05 01:43:16,372-INFO-epoch: 10 idx: 19400 cost: 3.655988 ppl: 38.705742
2017-07-05 01:43:28,278-INFO-epoch: 10 idx: 19450 cost: 4.014353 ppl: 55.387422
2017-07-05 01:43:39,969-INFO-epoch: 10 idx: 19500 cost: 3.850387 ppl: 47.011239
2017-07-05 01:43:51,262-INFO-epoch: 10 idx: 19550 cost: 3.895612 ppl: 49.186133
2017-07-05 01:44:02,547-INFO-epoch: 10 idx: 19600 cost: 3.773858 ppl: 43.547743
2017-07-05 01:44:13,100-INFO-epoch: 10 idx: 19650 cost: 3.621088 ppl: 37.378216
2017-07-05 01:44:24,189-INFO-epoch: 10 idx: 19700 cost: 3.995578 ppl: 54.357266
2017-07-05 01:44:34,844-INFO-epoch: 11 idx: 19750 cost: 1.889060 ppl: 6.613150
2017-07-05 01:44:46,461-INFO-epoch: 11 idx: 19800 cost: 3.848094 ppl: 46.903571
2017-07-05 01:44:57,596-INFO-epoch: 11 idx: 19850 cost: 3.724180 ppl: 41.437229
2017-07-05 01:45:08,224-INFO-epoch: 11 idx: 19900 cost: 3.450687 ppl: 31.522041
2017-07-05 01:45:19,028-INFO-epoch: 11 idx: 19950 cost: 3.733967 ppl: 41.844778
2017-07-05 01:45:29,607-INFO-epoch: 11 idx: 20000 cost: 3.645634 ppl: 38.307048
2017-07-05 01:45:29,607-INFO-dumping...
2017-07-05 01:45:34,563-INFO-validing...
2017-07-05 01:53:10,270-INFO-validation cost: 5.414193 perplexity: 224.571275,word_error_rate:0.772104
2017-07-05 01:53:10,270-INFO-testing...
2017-07-05 02:01:19,192-INFO-test cost: 5.325145 perplexity: 205.438149,word_error_rate:0.769705
2017-07-05 02:01:30,727-INFO-epoch: 11 idx: 20050 cost: 3.762412 ppl: 43.052138
2017-07-05 02:01:41,503-INFO-epoch: 11 idx: 20100 cost: 3.857846 ppl: 47.363219
2017-07-05 02:01:53,079-INFO-epoch: 11 idx: 20150 cost: 3.826210 ppl: 45.888311
2017-07-05 02:02:03,346-INFO-epoch: 11 idx: 20200 cost: 3.645402 ppl: 38.298160
2017-07-05 02:02:15,107-INFO-epoch: 11 idx: 20250 cost: 3.782603 ppl: 43.930237
2017-07-05 02:02:26,601-INFO-epoch: 11 idx: 20300 cost: 3.700251 ppl: 40.457438
2017-07-05 02:02:37,256-INFO-epoch: 11 idx: 20350 cost: 3.513275 ppl: 33.557974
2017-07-05 02:02:48,332-INFO-epoch: 11 idx: 20400 cost: 3.619403 ppl: 37.315279
2017-07-05 02:02:59,055-INFO-epoch: 11 idx: 20450 cost: 3.616839 ppl: 37.219743
2017-07-05 02:03:10,404-INFO-epoch: 11 idx: 20500 cost: 3.754235 ppl: 42.701543
2017-07-05 02:03:21,989-INFO-epoch: 11 idx: 20550 cost: 3.664343 ppl: 39.030488
2017-07-05 02:03:32,947-INFO-epoch: 11 idx: 20600 cost: 3.558908 ppl: 35.124835
2017-07-05 02:03:44,547-INFO-epoch: 11 idx: 20650 cost: 3.628454 ppl: 37.654573
2017-07-05 02:03:55,290-INFO-epoch: 11 idx: 20700 cost: 3.634956 ppl: 37.900167
2017-07-05 02:04:07,317-INFO-epoch: 11 idx: 20750 cost: 3.888673 ppl: 48.846027
2017-07-05 02:04:18,506-INFO-epoch: 11 idx: 20800 cost: 3.646218 ppl: 38.329440
2017-07-05 02:04:29,142-INFO-epoch: 11 idx: 20850 cost: 3.533790 ppl: 34.253531
2017-07-05 02:04:39,703-INFO-epoch: 11 idx: 20900 cost: 3.494913 ppl: 32.947424
2017-07-05 02:04:49,081-INFO-epoch: 11 idx: 20950 cost: 3.489989 ppl: 32.785592
2017-07-05 02:05:00,190-INFO-epoch: 11 idx: 21000 cost: 3.645980 ppl: 38.320323
2017-07-05 02:05:00,190-INFO-validing...
2017-07-05 02:12:35,240-INFO-validation cost: 5.437687 perplexity: 229.909772,word_error_rate:0.771054
2017-07-05 02:12:47,139-INFO-epoch: 11 idx: 21050 cost: 3.828922 ppl: 46.012906
2017-07-05 02:12:58,737-INFO-epoch: 11 idx: 21100 cost: 3.756809 ppl: 42.811607
2017-07-05 02:13:09,233-INFO-epoch: 11 idx: 21150 cost: 3.481493 ppl: 32.508228
2017-07-05 02:13:20,648-INFO-epoch: 11 idx: 21200 cost: 3.494457 ppl: 32.932400
2017-07-05 02:13:32,506-INFO-epoch: 11 idx: 21250 cost: 3.898319 ppl: 49.319496
2017-07-05 02:13:44,331-INFO-epoch: 11 idx: 21300 cost: 3.818308 ppl: 45.527119
2017-07-05 02:13:55,257-INFO-epoch: 11 idx: 21350 cost: 3.805066 ppl: 44.928213
2017-07-05 02:14:06,304-INFO-epoch: 11 idx: 21400 cost: 3.634034 ppl: 37.865248
2017-07-05 02:14:17,126-INFO-epoch: 11 idx: 21450 cost: 3.567886 ppl: 35.441591
2017-07-05 02:14:27,822-INFO-epoch: 11 idx: 21500 cost: 3.839594 ppl: 46.506604
2017-07-05 02:14:38,789-INFO-epoch: 12 idx: 21550 cost: 2.359070 ppl: 10.581106
2017-07-05 02:14:50,311-INFO-epoch: 12 idx: 21600 cost: 3.740714 ppl: 42.128053
2017-07-05 02:15:01,829-INFO-epoch: 12 idx: 21650 cost: 3.651901 ppl: 38.547879
2017-07-05 02:15:12,275-INFO-epoch: 12 idx: 21700 cost: 3.364974 ppl: 28.932743
2017-07-05 02:15:22,492-INFO-epoch: 12 idx: 21750 cost: 3.482153 ppl: 32.529671
2017-07-05 02:15:33,387-INFO-epoch: 12 idx: 21800 cost: 3.497871 ppl: 33.045037
2017-07-05 02:15:45,359-INFO-epoch: 12 idx: 21850 cost: 3.817652 ppl: 45.497250
2017-07-05 02:15:56,100-INFO-epoch: 12 idx: 21900 cost: 3.757929 ppl: 42.859589
2017-07-05 02:16:07,653-INFO-epoch: 12 idx: 21950 cost: 3.720590 ppl: 41.288761
2017-07-05 02:16:17,981-INFO-epoch: 12 idx: 22000 cost: 3.516296 ppl: 33.659510
2017-07-05 02:16:17,981-INFO-validing...
2017-07-05 02:23:53,992-INFO-validation cost: 5.468955 perplexity: 237.212109,word_error_rate:0.771945
2017-07-05 02:23:53,992-INFO-testing...
2017-07-05 02:32:02,983-INFO-test cost: 5.359696 perplexity: 212.660389,word_error_rate:0.768694
2017-07-05 02:32:15,041-INFO-epoch: 12 idx: 22050 cost: 3.706192 ppl: 40.698545
2017-07-05 02:32:25,768-INFO-epoch: 12 idx: 22100 cost: 3.452970 ppl: 31.594084
2017-07-05 02:32:37,250-INFO-epoch: 12 idx: 22150 cost: 3.578708 ppl: 35.827228
2017-07-05 02:32:48,493-INFO-epoch: 12 idx: 22200 cost: 3.544289 ppl: 34.615053
2017-07-05 02:32:59,035-INFO-epoch: 12 idx: 22250 cost: 3.495078 ppl: 32.952870
2017-07-05 02:33:10,625-INFO-epoch: 12 idx: 22300 cost: 3.688317 ppl: 39.977504
2017-07-05 02:33:22,294-INFO-epoch: 12 idx: 22350 cost: 3.512598 ppl: 33.535287
2017-07-05 02:33:33,705-INFO-epoch: 12 idx: 22400 cost: 3.590317 ppl: 36.245556
2017-07-05 02:33:45,051-INFO-epoch: 12 idx: 22450 cost: 3.482182 ppl: 32.530639
2017-07-05 02:33:55,916-INFO-epoch: 12 idx: 22500 cost: 3.642681 ppl: 38.194110
2017-07-05 02:34:08,139-INFO-epoch: 12 idx: 22550 cost: 3.728705 ppl: 41.625176
2017-07-05 02:34:19,173-INFO-epoch: 12 idx: 22600 cost: 3.466658 ppl: 32.029512
2017-07-05 02:34:30,101-INFO-epoch: 12 idx: 22650 cost: 3.484483 ppl: 32.605558
2017-07-05 02:34:40,864-INFO-epoch: 12 idx: 22700 cost: 3.404682 ppl: 30.104718
2017-07-05 02:34:50,466-INFO-epoch: 12 idx: 22750 cost: 3.403968 ppl: 30.083220
2017-07-05 02:35:01,880-INFO-epoch: 12 idx: 22800 cost: 3.637285 ppl: 37.988543
2017-07-05 02:35:13,663-INFO-epoch: 12 idx: 22850 cost: 3.635056 ppl: 37.903992
2017-07-05 02:35:25,162-INFO-epoch: 12 idx: 22900 cost: 3.663734 ppl: 39.006739
2017-07-05 02:35:35,473-INFO-epoch: 12 idx: 22950 cost: 3.484598 ppl: 32.609302
2017-07-05 02:35:46,162-INFO-epoch: 12 idx: 23000 cost: 3.336236 ppl: 28.113107
2017-07-05 02:35:46,162-INFO-validing...
2017-07-05 02:43:25,710-INFO-validation cost: 5.491593 perplexity: 242.643410,word_error_rate:0.772191
2017-07-05 02:43:37,959-INFO-epoch: 12 idx: 23050 cost: 3.792177 ppl: 44.352866
2017-07-05 02:43:49,419-INFO-epoch: 12 idx: 23100 cost: 3.718663 ppl: 41.209267
2017-07-05 02:44:00,900-INFO-epoch: 12 idx: 23150 cost: 3.741921 ppl: 42.178928
2017-07-05 02:44:11,216-INFO-epoch: 12 idx: 23200 cost: 3.400525 ppl: 29.979845
2017-07-05 02:44:22,858-INFO-epoch: 12 idx: 23250 cost: 3.647756 ppl: 38.388432
2017-07-05 02:44:33,395-INFO-epoch: 12 idx: 23300 cost: 3.684805 ppl: 39.837351
2017-07-05 02:44:44,380-INFO-epoch: 13 idx: 23350 cost: 2.842697 ppl: 17.161989
2017-07-05 02:44:55,786-INFO-epoch: 13 idx: 23400 cost: 3.635135 ppl: 37.906967
2017-07-05 02:45:06,991-INFO-epoch: 13 idx: 23450 cost: 3.405953 ppl: 30.142999
2017-07-05 02:45:17,683-INFO-epoch: 13 idx: 23500 cost: 3.358473 ppl: 28.745257
2017-07-05 02:45:28,274-INFO-epoch: 13 idx: 23550 cost: 3.470271 ppl: 32.145467
2017-07-05 02:45:39,003-INFO-epoch: 13 idx: 23600 cost: 3.343330 ppl: 28.313262
2017-07-05 02:45:51,127-INFO-epoch: 13 idx: 23650 cost: 3.749082 ppl: 42.482053
2017-07-05 02:46:01,641-INFO-epoch: 13 idx: 23700 cost: 3.786768 ppl: 44.113595
2017-07-05 02:46:12,495-INFO-epoch: 13 idx: 23750 cost: 3.453908 ppl: 31.623744
2017-07-05 02:46:23,330-INFO-epoch: 13 idx: 23800 cost: 3.567439 ppl: 35.425753
2017-07-05 02:46:35,375-INFO-epoch: 13 idx: 23850 cost: 3.543163 ppl: 34.576109
2017-07-05 02:46:46,450-INFO-epoch: 13 idx: 23900 cost: 3.397417 ppl: 29.886817
2017-07-05 02:46:57,991-INFO-epoch: 13 idx: 23950 cost: 3.429430 ppl: 30.859058
2017-07-05 02:47:09,287-INFO-epoch: 13 idx: 24000 cost: 3.517322 ppl: 33.694071
2017-07-05 02:47:09,287-INFO-validing...
2017-07-05 02:54:49,800-INFO-validation cost: 5.552631 perplexity: 257.915235,word_error_rate:0.776522
2017-07-05 02:54:49,801-INFO-testing...
2017-07-05 03:02:58,314-INFO-test cost: 5.456714 perplexity: 234.326135,word_error_rate:0.772940
2017-07-05 03:03:08,827-INFO-epoch: 13 idx: 24050 cost: 3.334509 ppl: 28.064590
2017-07-05 03:03:20,465-INFO-epoch: 13 idx: 24100 cost: 3.648105 ppl: 38.401833
2017-07-05 03:03:32,262-INFO-epoch: 13 idx: 24150 cost: 3.473889 ppl: 32.261979
2017-07-05 03:03:43,512-INFO-epoch: 13 idx: 24200 cost: 3.516731 ppl: 33.674155
2017-07-05 03:03:54,099-INFO-epoch: 13 idx: 24250 cost: 3.266232 ppl: 26.212378
2017-07-05 03:04:05,781-INFO-epoch: 13 idx: 24300 cost: 3.720242 ppl: 41.274394
2017-07-05 03:04:18,046-INFO-epoch: 13 idx: 24350 cost: 3.656592 ppl: 38.729146
2017-07-05 03:04:28,836-INFO-epoch: 13 idx: 24400 cost: 3.251954 ppl: 25.840784
2017-07-05 03:04:39,674-INFO-epoch: 13 idx: 24450 cost: 3.458041 ppl: 31.754702
2017-07-05 03:04:50,183-INFO-epoch: 13 idx: 24500 cost: 3.233586 ppl: 25.370461
2017-07-05 03:04:59,971-INFO-epoch: 13 idx: 24550 cost: 3.333440 ppl: 28.034623
2017-07-05 03:05:11,798-INFO-epoch: 13 idx: 24600 cost: 3.469039 ppl: 32.105870
2017-07-05 03:05:23,638-INFO-epoch: 13 idx: 24650 cost: 3.713600 ppl: 41.001153
2017-07-05 03:05:34,790-INFO-epoch: 13 idx: 24700 cost: 3.447968 ppl: 31.436440
2017-07-05 03:05:44,984-INFO-epoch: 13 idx: 24750 cost: 3.368882 ppl: 29.046050
2017-07-05 03:05:56,162-INFO-epoch: 13 idx: 24800 cost: 3.522247 ppl: 33.860423
2017-07-05 03:06:08,028-INFO-epoch: 13 idx: 24850 cost: 3.743579 ppl: 42.248945
2017-07-05 03:06:19,429-INFO-epoch: 13 idx: 24900 cost: 3.716510 ppl: 41.120649
2017-07-05 03:06:30,964-INFO-epoch: 13 idx: 24950 cost: 3.703225 ppl: 40.577978
2017-07-05 03:06:41,296-INFO-epoch: 13 idx: 25000 cost: 3.337391 ppl: 28.145599
2017-07-05 03:06:41,296-INFO-validing...
2017-07-05 03:14:18,609-INFO-validation cost: 5.545417 perplexity: 256.061343,word_error_rate:0.771310
2017-07-05 03:14:30,179-INFO-epoch: 13 idx: 25050 cost: 3.640246 ppl: 38.101216
2017-07-05 03:14:41,180-INFO-epoch: 13 idx: 25100 cost: 3.645317 ppl: 38.294893
2017-07-05 03:14:52,235-INFO-epoch: 14 idx: 25150 cost: 3.299927 ppl: 27.110672
2017-07-05 03:15:03,680-INFO-epoch: 14 idx: 25200 cost: 3.629387 ppl: 37.689709
2017-07-05 03:15:14,066-INFO-epoch: 14 idx: 25250 cost: 3.200569 ppl: 24.546497
2017-07-05 03:15:25,542-INFO-epoch: 14 idx: 25300 cost: 3.428946 ppl: 30.844116
2017-07-05 03:15:36,076-INFO-epoch: 14 idx: 25350 cost: 3.441094 ppl: 31.221083
2017-07-05 03:15:47,431-INFO-epoch: 14 idx: 25400 cost: 3.317895 ppl: 27.602173
2017-07-05 03:15:59,700-INFO-epoch: 14 idx: 25450 cost: 3.688956 ppl: 40.003063
2017-07-05 03:16:10,270-INFO-epoch: 14 idx: 25500 cost: 3.716709 ppl: 41.128817
2017-07-05 03:16:21,470-INFO-epoch: 14 idx: 25550 cost: 3.445888 ppl: 31.371138
2017-07-05 03:16:31,928-INFO-epoch: 14 idx: 25600 cost: 3.457502 ppl: 31.737583
2017-07-05 03:16:44,114-INFO-epoch: 14 idx: 25650 cost: 3.534848 ppl: 34.289792
2017-07-05 03:16:55,057-INFO-epoch: 14 idx: 25700 cost: 3.319161 ppl: 27.637159
2017-07-05 03:17:06,399-INFO-epoch: 14 idx: 25750 cost: 3.360076 ppl: 28.791391
2017-07-05 03:17:17,404-INFO-epoch: 14 idx: 25800 cost: 3.397970 ppl: 29.903324
2017-07-05 03:17:28,171-INFO-epoch: 14 idx: 25850 cost: 3.371447 ppl: 29.120634
2017-07-05 03:17:39,179-INFO-epoch: 14 idx: 25900 cost: 3.485636 ppl: 32.643193
2017-07-05 03:17:50,334-INFO-epoch: 14 idx: 25950 cost: 3.352618 ppl: 28.577455
2017-07-05 03:18:02,034-INFO-epoch: 14 idx: 26000 cost: 3.590565 ppl: 36.254567
2017-07-05 03:18:02,034-INFO-validing...
2017-07-05 03:25:36,340-INFO-validation cost: 5.559901 perplexity: 259.797028,word_error_rate:0.773087
2017-07-05 03:25:36,340-INFO-testing...
2017-07-05 03:33:50,324-INFO-test cost: 5.433758 perplexity: 229.008349,word_error_rate:0.769268
2017-07-05 03:34:00,227-INFO-epoch: 14 idx: 26050 cost: 3.123744 ppl: 22.731332
2017-07-05 03:34:12,263-INFO-epoch: 14 idx: 26100 cost: 3.673365 ppl: 39.384209
2017-07-05 03:34:24,728-INFO-epoch: 14 idx: 26150 cost: 3.627511 ppl: 37.619048
2017-07-05 03:34:35,329-INFO-epoch: 14 idx: 26200 cost: 3.228702 ppl: 25.246869
2017-07-05 03:34:45,831-INFO-epoch: 14 idx: 26250 cost: 3.341826 ppl: 28.270716
2017-07-05 03:34:56,186-INFO-epoch: 14 idx: 26300 cost: 3.169143 ppl: 23.787090
2017-07-05 03:35:05,794-INFO-epoch: 14 idx: 26350 cost: 3.275459 ppl: 26.455362
2017-07-05 03:35:17,603-INFO-epoch: 14 idx: 26400 cost: 3.464473 ppl: 31.959605
2017-07-05 03:35:29,213-INFO-epoch: 14 idx: 26450 cost: 3.640626 ppl: 38.115676
2017-07-05 03:35:40,307-INFO-epoch: 14 idx: 26500 cost: 3.359758 ppl: 28.782214
2017-07-05 03:35:50,520-INFO-epoch: 14 idx: 26550 cost: 3.221099 ppl: 25.055630
2017-07-05 03:36:02,374-INFO-epoch: 14 idx: 26600 cost: 3.557690 ppl: 35.082060
2017-07-05 03:36:13,975-INFO-epoch: 14 idx: 26650 cost: 3.471969 ppl: 32.200095
2017-07-05 03:36:25,267-INFO-epoch: 14 idx: 26700 cost: 3.596381 ppl: 36.466010
2017-07-05 03:36:36,970-INFO-epoch: 14 idx: 26750 cost: 3.577594 ppl: 35.787332
2017-07-05 03:36:47,732-INFO-epoch: 14 idx: 26800 cost: 3.081217 ppl: 21.784892
2017-07-05 03:36:59,196-INFO-epoch: 14 idx: 26850 cost: 3.680590 ppl: 39.669777
2017-07-05 03:37:09,891-INFO-epoch: 15 idx: 26900 cost: 0.371664 ppl: 1.450146
2017-07-05 03:37:20,634-INFO-epoch: 15 idx: 26950 cost: 3.291443 ppl: 26.881636
2017-07-05 03:37:32,646-INFO-epoch: 15 idx: 27000 cost: 3.585400 ppl: 36.067774
2017-07-05 03:37:32,646-INFO-validing...
2017-07-05 03:45:07,478-INFO-validation cost: 5.628091 perplexity: 278.130565,word_error_rate:0.774305
2017-07-05 03:45:17,578-INFO-epoch: 15 idx: 27050 cost: 3.061861 ppl: 21.367280
2017-07-05 03:45:28,806-INFO-epoch: 15 idx: 27100 cost: 3.276175 ppl: 26.474306
2017-07-05 03:45:39,414-INFO-epoch: 15 idx: 27150 cost: 3.382075 ppl: 29.431775
2017-07-05 03:45:50,605-INFO-epoch: 15 idx: 27200 cost: 3.284469 ppl: 26.694818
2017-07-05 03:46:02,298-INFO-epoch: 15 idx: 27250 cost: 3.504961 ppl: 33.280138
2017-07-05 03:46:13,022-INFO-epoch: 15 idx: 27300 cost: 3.644919 ppl: 38.279660
2017-07-05 03:46:24,270-INFO-epoch: 15 idx: 27350 cost: 3.313915 ppl: 27.492562
2017-07-05 03:46:35,079-INFO-epoch: 15 idx: 27400 cost: 3.428732 ppl: 30.837501
2017-07-05 03:46:47,026-INFO-epoch: 15 idx: 27450 cost: 3.370042 ppl: 29.079745
2017-07-05 03:46:57,685-INFO-epoch: 15 idx: 27500 cost: 3.243553 ppl: 25.624602
2017-07-05 03:47:09,301-INFO-epoch: 15 idx: 27550 cost: 3.262658 ppl: 26.118882
2017-07-05 03:47:20,244-INFO-epoch: 15 idx: 27600 cost: 3.303631 ppl: 27.211255
2017-07-05 03:47:31,191-INFO-epoch: 15 idx: 27650 cost: 3.346732 ppl: 28.409751
2017-07-05 03:47:42,272-INFO-epoch: 15 idx: 27700 cost: 3.385196 ppl: 29.523777
2017-07-05 03:47:53,611-INFO-epoch: 15 idx: 27750 cost: 3.247974 ppl: 25.738144
2017-07-05 03:48:05,392-INFO-epoch: 15 idx: 27800 cost: 3.479166 ppl: 32.432659
2017-07-05 03:48:15,351-INFO-epoch: 15 idx: 27850 cost: 3.127170 ppl: 22.809333
2017-07-05 03:48:27,617-INFO-epoch: 15 idx: 27900 cost: 3.528888 ppl: 34.086049
2017-07-05 03:48:39,618-INFO-epoch: 15 idx: 27950 cost: 3.449506 ppl: 31.484845
2017-07-05 03:48:50,012-INFO-epoch: 15 idx: 28000 cost: 3.214202 ppl: 24.883428
2017-07-05 03:48:50,012-INFO-validing...
2017-07-05 03:56:31,766-INFO-validation cost: 5.599557 perplexity: 270.306734,word_error_rate:0.771771
2017-07-05 03:56:31,766-INFO-testing...
2017-07-05 04:04:35,889-INFO-test cost: 5.489662 perplexity: 242.175271,word_error_rate:0.769470
2017-07-05 04:04:46,654-INFO-epoch: 15 idx: 28050 cost: 3.172044 ppl: 23.856204
2017-07-05 04:04:56,345-INFO-epoch: 15 idx: 28100 cost: 3.008584 ppl: 20.258695
2017-07-05 04:05:07,076-INFO-epoch: 15 idx: 28150 cost: 3.300498 ppl: 27.126155
2017-07-05 04:05:18,890-INFO-epoch: 15 idx: 28200 cost: 3.466658 ppl: 32.029528
2017-07-05 04:05:30,558-INFO-epoch: 15 idx: 28250 cost: 3.517038 ppl: 33.684516
2017-07-05 04:05:41,202-INFO-epoch: 15 idx: 28300 cost: 3.215071 ppl: 24.905056
2017-07-05 04:05:51,707-INFO-epoch: 15 idx: 28350 cost: 3.161061 ppl: 23.595615
2017-07-05 04:06:03,968-INFO-epoch: 15 idx: 28400 cost: 3.583009 ppl: 35.981631
2017-07-05 04:06:15,383-INFO-epoch: 15 idx: 28450 cost: 3.374776 ppl: 29.217728
2017-07-05 04:06:26,433-INFO-epoch: 15 idx: 28500 cost: 3.456169 ppl: 31.695316
2017-07-05 04:06:37,918-INFO-epoch: 15 idx: 28550 cost: 3.398532 ppl: 29.920137
2017-07-05 04:06:48,798-INFO-epoch: 15 idx: 28600 cost: 3.124897 ppl: 22.757546
2017-07-05 04:07:00,362-INFO-epoch: 15 idx: 28650 cost: 3.597747 ppl: 36.515855
2017-07-05 04:07:10,497-INFO-epoch: 16 idx: 28700 cost: 0.745054 ppl: 2.106555
2017-07-05 04:07:22,097-INFO-epoch: 16 idx: 28750 cost: 3.314751 ppl: 27.515543
2017-07-05 04:07:33,680-INFO-epoch: 16 idx: 28800 cost: 3.397488 ppl: 29.888933
2017-07-05 04:07:44,144-INFO-epoch: 16 idx: 28850 cost: 3.126857 ppl: 22.802195
2017-07-05 04:07:54,871-INFO-epoch: 16 idx: 28900 cost: 3.131797 ppl: 22.915117
2017-07-05 04:08:05,513-INFO-epoch: 16 idx: 28950 cost: 3.284019 ppl: 26.682808
2017-07-05 04:08:16,776-INFO-epoch: 16 idx: 29000 cost: 3.243478 ppl: 25.622682
2017-07-05 04:08:16,776-INFO-validing...
2017-07-05 04:15:53,456-INFO-validation cost: 5.627378 perplexity: 277.932350,word_error_rate:0.771832
2017-07-05 04:16:04,551-INFO-epoch: 16 idx: 29050 cost: 3.432139 ppl: 30.942759
2017-07-05 04:16:15,838-INFO-epoch: 16 idx: 29100 cost: 3.559274 ppl: 35.137680
2017-07-05 04:16:26,634-INFO-epoch: 16 idx: 29150 cost: 3.290863 ppl: 26.866047
2017-07-05 04:16:37,569-INFO-epoch: 16 idx: 29200 cost: 3.312998 ppl: 27.467340
2017-07-05 04:16:49,492-INFO-epoch: 16 idx: 29250 cost: 3.297437 ppl: 27.043242
2017-07-05 04:16:59,961-INFO-epoch: 16 idx: 29300 cost: 3.134404 ppl: 22.974946
2017-07-05 04:17:11,641-INFO-epoch: 16 idx: 29350 cost: 3.157303 ppl: 23.507106
2017-07-05 04:17:22,866-INFO-epoch: 16 idx: 29400 cost: 3.278657 ppl: 26.540115
2017-07-05 04:17:33,630-INFO-epoch: 16 idx: 29450 cost: 3.216539 ppl: 24.941641
2017-07-05 04:17:45,310-INFO-epoch: 16 idx: 29500 cost: 3.429641 ppl: 30.865556
2017-07-05 04:17:56,305-INFO-epoch: 16 idx: 29550 cost: 3.155351 ppl: 23.461269
2017-07-05 04:18:07,995-INFO-epoch: 16 idx: 29600 cost: 3.335832 ppl: 28.101746
2017-07-05 04:18:18,416-INFO-epoch: 16 idx: 29650 cost: 3.159119 ppl: 23.549836
2017-07-05 04:18:30,345-INFO-epoch: 16 idx: 29700 cost: 3.445419 ppl: 31.356429
2017-07-05 04:18:42,132-INFO-epoch: 16 idx: 29750 cost: 3.347336 ppl: 28.426889
2017-07-05 04:18:52,626-INFO-epoch: 16 idx: 29800 cost: 3.105569 ppl: 22.321908
2017-07-05 04:19:03,757-INFO-epoch: 16 idx: 29850 cost: 3.128575 ppl: 22.841412
2017-07-05 04:19:13,073-INFO-epoch: 16 idx: 29900 cost: 3.002877 ppl: 20.143407
2017-07-05 04:19:23,909-INFO-epoch: 16 idx: 29950 cost: 3.188415 ppl: 24.249957
2017-07-05 04:19:35,492-INFO-epoch: 16 idx: 30000 cost: 3.431740 ppl: 30.930409
2017-07-05 04:19:35,492-INFO-validing...
2017-07-05 04:27:13,003-INFO-validation cost: 5.672246 perplexity: 290.686608,word_error_rate:0.779850
2017-07-05 04:27:13,003-INFO-testing...
2017-07-05 04:35:19,994-INFO-test cost: 5.548204 perplexity: 256.775998,word_error_rate:0.777318
2017-07-05 04:35:31,624-INFO-epoch: 16 idx: 30050 cost: 3.423885 ppl: 30.688395
2017-07-05 04:35:42,535-INFO-epoch: 16 idx: 30100 cost: 3.222581 ppl: 25.092805
2017-07-05 04:35:53,047-INFO-epoch: 16 idx: 30150 cost: 2.994061 ppl: 19.966594
2017-07-05 04:36:04,969-INFO-epoch: 16 idx: 30200 cost: 3.547851 ppl: 34.738588
2017-07-05 04:36:16,780-INFO-epoch: 16 idx: 30250 cost: 3.300200 ppl: 27.118057
2017-07-05 04:36:27,983-INFO-epoch: 16 idx: 30300 cost: 3.420136 ppl: 30.573583
2017-07-05 04:36:38,993-INFO-epoch: 16 idx: 30350 cost: 3.285785 ppl: 26.729962
2017-07-05 04:36:50,025-INFO-epoch: 16 idx: 30400 cost: 3.117129 ppl: 22.581449
2017-07-05 04:37:01,286-INFO-epoch: 16 idx: 30450 cost: 3.451071 ppl: 31.534154
2017-07-05 04:37:11,730-INFO-epoch: 17 idx: 30500 cost: 1.111444 ppl: 3.038743
2017-07-05 04:37:23,690-INFO-epoch: 17 idx: 30550 cost: 3.302323 ppl: 27.175686
2017-07-05 04:37:35,255-INFO-epoch: 17 idx: 30600 cost: 3.322016 ppl: 27.716168
2017-07-05 04:37:45,978-INFO-epoch: 17 idx: 30650 cost: 3.030008 ppl: 20.697400
2017-07-05 04:37:56,781-INFO-epoch: 17 idx: 30700 cost: 3.119008 ppl: 22.623922
2017-07-05 04:38:07,613-INFO-epoch: 17 idx: 30750 cost: 3.221001 ppl: 25.053195
2017-07-05 04:38:19,181-INFO-epoch: 17 idx: 30800 cost: 3.202420 ppl: 24.591981
2017-07-05 04:38:30,180-INFO-epoch: 17 idx: 30850 cost: 3.361579 ppl: 28.834693
2017-07-05 04:38:41,834-INFO-epoch: 17 idx: 30900 cost: 3.440263 ppl: 31.195172
2017-07-05 04:38:52,603-INFO-epoch: 17 idx: 30950 cost: 3.262859 ppl: 26.124120
2017-07-05 04:39:03,906-INFO-epoch: 17 idx: 31000 cost: 3.220613 ppl: 25.043459
2017-07-05 04:39:03,906-INFO-validing...
2017-07-05 04:46:40,730-INFO-validation cost: 5.686480 perplexity: 294.853783,word_error_rate:0.773880
2017-07-05 04:46:52,543-INFO-epoch: 17 idx: 31050 cost: 3.296683 ppl: 27.022862
2017-07-05 04:47:03,171-INFO-epoch: 17 idx: 31100 cost: 3.074016 ppl: 21.628595
2017-07-05 04:47:14,164-INFO-epoch: 17 idx: 31150 cost: 3.054313 ppl: 21.206601
2017-07-05 04:47:25,005-INFO-epoch: 17 idx: 31200 cost: 3.223130 ppl: 25.106572
2017-07-05 04:47:35,922-INFO-epoch: 17 idx: 31250 cost: 3.148624 ppl: 23.303982
2017-07-05 04:47:47,271-INFO-epoch: 17 idx: 31300 cost: 3.313367 ppl: 27.477493
2017-07-05 04:47:58,280-INFO-epoch: 17 idx: 31350 cost: 3.082009 ppl: 21.802166
2017-07-05 04:48:09,704-INFO-epoch: 17 idx: 31400 cost: 3.229249 ppl: 25.260675
2017-07-05 04:48:20,562-INFO-epoch: 17 idx: 31450 cost: 3.189714 ppl: 24.281494
2017-07-05 04:48:32,485-INFO-epoch: 17 idx: 31500 cost: 3.402048 ppl: 30.025536
2017-07-05 04:48:44,114-INFO-epoch: 17 idx: 31550 cost: 3.272497 ppl: 26.377130
2017-07-05 04:48:54,352-INFO-epoch: 17 idx: 31600 cost: 2.992374 ppl: 19.932953
2017-07-05 04:49:05,433-INFO-epoch: 17 idx: 31650 cost: 3.078347 ppl: 21.722459
2017-07-05 04:49:15,253-INFO-epoch: 17 idx: 31700 cost: 2.983833 ppl: 19.763425
2017-07-05 04:49:26,489-INFO-epoch: 17 idx: 31750 cost: 3.169306 ppl: 23.790979
2017-07-05 04:49:37,689-INFO-epoch: 17 idx: 31800 cost: 3.340628 ppl: 28.236843
2017-07-05 04:49:49,844-INFO-epoch: 17 idx: 31850 cost: 3.334952 ppl: 28.077042
2017-07-05 04:49:59,885-INFO-epoch: 17 idx: 31900 cost: 3.038017 ppl: 20.863837
2017-07-05 04:50:11,090-INFO-epoch: 17 idx: 31950 cost: 3.064437 ppl: 21.422395
2017-07-05 04:50:22,958-INFO-epoch: 17 idx: 32000 cost: 3.479679 ppl: 32.449296
2017-07-05 04:50:22,958-INFO-validing...
2017-07-05 04:57:57,737-INFO-validation cost: 5.668841 perplexity: 289.698665,word_error_rate:0.777321
2017-07-05 04:57:57,737-INFO-testing...
2017-07-05 05:06:07,123-INFO-test cost: 5.546645 perplexity: 256.376001,word_error_rate:0.773067
2017-07-05 05:06:18,847-INFO-epoch: 17 idx: 32050 cost: 3.275621 ppl: 26.459652
2017-07-05 05:06:30,251-INFO-epoch: 17 idx: 32100 cost: 3.310885 ppl: 27.409375
2017-07-05 05:06:41,608-INFO-epoch: 17 idx: 32150 cost: 3.224139 ppl: 25.131935
2017-07-05 05:06:52,475-INFO-epoch: 17 idx: 32200 cost: 3.038039 ppl: 20.864290
2017-07-05 05:07:03,670-INFO-epoch: 17 idx: 32250 cost: 3.398110 ppl: 29.907513
2017-07-05 05:07:14,566-INFO-epoch: 18 idx: 32300 cost: 1.510601 ppl: 4.529450
2017-07-05 05:07:26,387-INFO-epoch: 18 idx: 32350 cost: 3.303046 ppl: 27.195351
2017-07-05 05:07:37,598-INFO-epoch: 18 idx: 32400 cost: 3.208543 ppl: 24.743000
2017-07-05 05:07:48,457-INFO-epoch: 18 idx: 32450 cost: 2.941310 ppl: 18.940637
2017-07-05 05:07:59,363-INFO-epoch: 18 idx: 32500 cost: 3.144717 ppl: 23.213110
2017-07-05 05:08:09,767-INFO-epoch: 18 idx: 32550 cost: 3.101251 ppl: 22.225732
2017-07-05 05:08:21,245-INFO-epoch: 18 idx: 32600 cost: 3.175706 ppl: 23.943729
2017-07-05 05:08:32,107-INFO-epoch: 18 idx: 32650 cost: 3.336837 ppl: 28.130004
2017-07-05 05:08:43,744-INFO-epoch: 18 idx: 32700 cost: 3.344358 ppl: 28.342383
2017-07-05 05:08:54,417-INFO-epoch: 18 idx: 32750 cost: 3.139812 ppl: 23.099515
2017-07-05 05:09:06,100-INFO-epoch: 18 idx: 32800 cost: 3.220193 ppl: 25.032941
2017-07-05 05:09:18,041-INFO-epoch: 18 idx: 32850 cost: 3.210351 ppl: 24.787791
2017-07-05 05:09:28,446-INFO-epoch: 18 idx: 32900 cost: 2.976633 ppl: 19.621643
2017-07-05 05:09:39,578-INFO-epoch: 18 idx: 32950 cost: 3.095780 ppl: 22.104481
2017-07-05 05:09:50,427-INFO-epoch: 18 idx: 33000 cost: 3.075097 ppl: 21.651971
2017-07-05 05:09:50,427-INFO-validing...
2017-07-05 05:17:27,121-INFO-validation cost: 5.730442 perplexity: 308.105495,word_error_rate:0.776020
2017-07-05 05:17:38,484-INFO-epoch: 18 idx: 33050 cost: 3.230752 ppl: 25.298676
2017-07-05 05:17:50,080-INFO-epoch: 18 idx: 33100 cost: 3.202553 ppl: 24.595249
2017-07-05 05:18:01,065-INFO-epoch: 18 idx: 33150 cost: 3.060806 ppl: 21.344745
2017-07-05 05:18:12,190-INFO-epoch: 18 idx: 33200 cost: 3.187807 ppl: 24.235217
2017-07-05 05:18:23,033-INFO-epoch: 18 idx: 33250 cost: 3.130638 ppl: 22.888579
2017-07-05 05:18:35,299-INFO-epoch: 18 idx: 33300 cost: 3.438161 ppl: 31.129660
2017-07-05 05:18:46,629-INFO-epoch: 18 idx: 33350 cost: 3.161557 ppl: 23.607328
2017-07-05 05:18:57,273-INFO-epoch: 18 idx: 33400 cost: 3.020387 ppl: 20.499224
2017-07-05 05:19:07,972-INFO-epoch: 18 idx: 33450 cost: 2.987574 ppl: 19.837499
2017-07-05 05:19:17,429-INFO-epoch: 18 idx: 33500 cost: 2.981666 ppl: 19.720645
2017-07-05 05:19:28,349-INFO-epoch: 18 idx: 33550 cost: 3.119257 ppl: 22.629569
2017-07-05 05:19:40,419-INFO-epoch: 18 idx: 33600 cost: 3.365465 ppl: 28.946957
2017-07-05 05:19:52,073-INFO-epoch: 18 idx: 33650 cost: 3.249617 ppl: 25.780467
2017-07-05 05:20:02,265-INFO-epoch: 18 idx: 33700 cost: 3.002844 ppl: 20.142737
2017-07-05 05:20:13,625-INFO-epoch: 18 idx: 33750 cost: 2.937585 ppl: 18.870224
2017-07-05 05:20:25,567-INFO-epoch: 18 idx: 33800 cost: 3.434467 ppl: 31.014880
2017-07-05 05:20:37,556-INFO-epoch: 18 idx: 33850 cost: 3.288203 ppl: 26.794675
2017-07-05 05:20:48,809-INFO-epoch: 18 idx: 33900 cost: 3.264081 ppl: 26.156054
2017-07-05 05:20:59,875-INFO-epoch: 18 idx: 33950 cost: 3.162910 ppl: 23.639281
2017-07-05 05:21:10,762-INFO-epoch: 18 idx: 34000 cost: 3.026879 ppl: 20.632732
2017-07-05 05:21:10,762-INFO-validing...
2017-07-05 05:28:49,947-INFO-validation cost: 5.774499 perplexity: 321.983055,word_error_rate:0.778693
2017-07-05 05:28:49,948-INFO-testing...
2017-07-05 05:37:02,675-INFO-test cost: 5.666505 perplexity: 289.022552,word_error_rate:0.775997
2017-07-05 05:37:13,559-INFO-epoch: 18 idx: 34050 cost: 3.301430 ppl: 27.151438
2017-07-05 05:37:24,507-INFO-epoch: 19 idx: 34100 cost: 1.939378 ppl: 6.954422
2017-07-05 05:37:36,021-INFO-epoch: 19 idx: 34150 cost: 3.252969 ppl: 25.867024
2017-07-05 05:37:47,515-INFO-epoch: 19 idx: 34200 cost: 3.178426 ppl: 24.008943
2017-07-05 05:37:58,000-INFO-epoch: 19 idx: 34250 cost: 2.912246 ppl: 18.398079
2017-07-05 05:38:08,207-INFO-epoch: 19 idx: 34300 cost: 2.970132 ppl: 19.494495
2017-07-05 05:38:19,218-INFO-epoch: 19 idx: 34350 cost: 3.005465 ppl: 20.195609
2017-07-05 05:38:31,242-INFO-epoch: 19 idx: 34400 cost: 3.267488 ppl: 26.245325
2017-07-05 05:38:41,962-INFO-epoch: 19 idx: 34450 cost: 3.311787 ppl: 27.434112
2017-07-05 05:38:53,551-INFO-epoch: 19 idx: 34500 cost: 3.244236 ppl: 25.642111
2017-07-05 05:39:03,951-INFO-epoch: 19 idx: 34550 cost: 3.053229 ppl: 21.183633
2017-07-05 05:39:15,967-INFO-epoch: 19 idx: 34600 cost: 3.214831 ppl: 24.899093
2017-07-05 05:39:26,814-INFO-epoch: 19 idx: 34650 cost: 2.977618 ppl: 19.640986
2017-07-05 05:39:38,237-INFO-epoch: 19 idx: 34700 cost: 3.086515 ppl: 21.900615
2017-07-05 05:39:49,516-INFO-epoch: 19 idx: 34750 cost: 3.051726 ppl: 21.151821
2017-07-05 05:40:00,112-INFO-epoch: 19 idx: 34800 cost: 2.999431 ppl: 20.074120
2017-07-05 05:40:11,470-INFO-epoch: 19 idx: 34850 cost: 3.233048 ppl: 25.356828
2017-07-05 05:40:22,806-INFO-epoch: 19 idx: 34900 cost: 3.070028 ppl: 21.542496
2017-07-05 05:40:34,013-INFO-epoch: 19 idx: 34950 cost: 3.138153 ppl: 23.061222
2017-07-05 05:40:45,319-INFO-epoch: 19 idx: 35000 cost: 3.041564 ppl: 20.937966
2017-07-05 05:40:45,319-INFO-validing...
2017-07-05 05:48:24,126-INFO-validation cost: 5.770787 perplexity: 320.790078,word_error_rate:0.776517
2017-07-05 05:48:34,844-INFO-epoch: 19 idx: 35050 cost: 3.106453 ppl: 22.341665
2017-07-05 05:48:47,168-INFO-epoch: 19 idx: 35100 cost: 3.270709 ppl: 26.330006
2017-07-05 05:48:57,929-INFO-epoch: 19 idx: 35150 cost: 3.032788 ppl: 20.755027
2017-07-05 05:49:08,508-INFO-epoch: 19 idx: 35200 cost: 3.020216 ppl: 20.495723
2017-07-05 05:49:18,981-INFO-epoch: 19 idx: 35250 cost: 2.878229 ppl: 17.782754
2017-07-05 05:49:28,350-INFO-epoch: 19 idx: 35300 cost: 2.918706 ppl: 18.517315
2017-07-05 05:49:40,102-INFO-epoch: 19 idx: 35350 cost: 3.130427 ppl: 22.883738
2017-07-05 05:49:51,914-INFO-epoch: 19 idx: 35400 cost: 3.165780 ppl: 23.707236
2017-07-05 05:50:03,486-INFO-epoch: 19 idx: 35450 cost: 3.189832 ppl: 24.284345
2017-07-05 05:50:13,763-INFO-epoch: 19 idx: 35500 cost: 3.006561 ppl: 20.217759
2017-07-05 05:50:24,612-INFO-epoch: 19 idx: 35550 cost: 2.858317 ppl: 17.432157
2017-07-05 05:50:36,538-INFO-epoch: 19 idx: 35600 cost: 3.312854 ppl: 27.463387
2017-07-05 05:50:48,489-INFO-epoch: 19 idx: 35650 cost: 3.239810 ppl: 25.528883
2017-07-05 05:50:59,877-INFO-epoch: 19 idx: 35700 cost: 3.262160 ppl: 26.105853
2017-07-05 05:51:10,262-INFO-epoch: 19 idx: 35750 cost: 2.934968 ppl: 18.820901
2017-07-05 05:51:21,954-INFO-epoch: 19 idx: 35800 cost: 3.144902 ppl: 23.217397
2017-07-05 05:51:32,608-INFO-epoch: 19 idx: 35850 cost: 3.184956 ppl: 24.166221
Namespace(batch_size=20, bptt=-1, goto_line=0, maxlen=256, mode='train', model_dir='None', optimizer='adam', rnn_cell='fastlstm', save_freq=20000, test_file='../data/wikitext-2/idx_wiki.test.tokens', test_freq=2000, train_file='../data/wikitext-2/idx_wiki.train.tokens', valid_file='../data/wikitext-2/idx_wiki.valid.tokens', valid_freq=1000, vocab_size=33279)
loading dataset...
building model...
building rnn cell...
building softmax output layer...
training start...
Finished. Time = 32042.524189
