Using cuDNN version 5110 on context None
Mapped name None to device cuda: Tesla K40m (0000:0D:00.0)
Namespace(batch_size=20, bptt=-1, goto_line=0, maxlen=256, mode='train', model_dir='None', optimizer='adam', rnn_cell='rnnblock', save_freq=20000, test_file='../data/wikitext-2/idx_wiki.test.tokens', test_freq=2000, train_file='../data/wikitext-2/idx_wiki.train.tokens', valid_file='../data/wikitext-2/idx_wiki.valid.tokens', valid_freq=1000, vocab_size=33279)
loading dataset...
building model...
building rnn cell...
264192
building softmax output layer...
training start...
epoch: 0 idx: 50 cost: 8.61156071663 ppl: 5494.81784262
epoch: 0 idx: 100 cost: 7.48071339607 ppl: 1773.50553663
epoch: 0 idx: 150 cost: 7.41711096764 ppl: 1664.21857452
epoch: 0 idx: 200 cost: 7.31991944313 ppl: 1510.08231736
epoch: 0 idx: 250 cost: 7.29062001228 ppl: 1466.47965079
epoch: 0 idx: 300 cost: 7.37168004036 ppl: 1590.30331371
epoch: 0 idx: 350 cost: 7.2857174778 ppl: 1459.30777827
epoch: 0 idx: 400 cost: 7.18284081459 ppl: 1316.64328994
epoch: 0 idx: 450 cost: 7.18140405655 ppl: 1314.75295041
epoch: 0 idx: 500 cost: 7.25075976372 ppl: 1409.17508169
epoch: 0 idx: 550 cost: 7.11930049896 ppl: 1235.58583753
epoch: 0 idx: 600 cost: 7.16906470299 ppl: 1298.62943039
epoch: 0 idx: 650 cost: 7.06102181435 ppl: 1165.63562066
epoch: 0 idx: 700 cost: 7.02210067749 ppl: 1121.13929786
epoch: 0 idx: 750 cost: 6.94945836067 ppl: 1042.58487025
epoch: 0 idx: 800 cost: 6.89447892189 ppl: 986.811385009
epoch: 0 idx: 850 cost: 6.89702665329 ppl: 989.328720746
epoch: 0 idx: 900 cost: 6.86137504578 ppl: 954.678892554
epoch: 0 idx: 950 cost: 6.835210495 ppl: 930.024095541
epoch: 0 idx: 1000 cost: 6.81946652412 ppl: 915.496484496
validing....
valid_cost: 6.44753859752 perplexity: 631.146872862
epoch: 0 idx: 1050 cost: 6.68934753418 ppl: 803.797630533
epoch: 0 idx: 1100 cost: 6.72844830513 ppl: 835.849276139
epoch: 0 idx: 1150 cost: 6.61023638725 ppl: 742.658552984
epoch: 0 idx: 1200 cost: 6.69605880737 ppl: 809.210278588
epoch: 0 idx: 1250 cost: 6.78845341682 ppl: 887.539845628
epoch: 0 idx: 1300 cost: 6.55392786026 ppl: 701.996108287
epoch: 0 idx: 1350 cost: 6.56441058159 ppl: 709.393643272
epoch: 0 idx: 1400 cost: 6.514688797 ppl: 674.983871827
epoch: 0 idx: 1450 cost: 6.58899250984 ppl: 727.048007073
epoch: 0 idx: 1500 cost: 6.53820034981 ppl: 691.041824759
epoch: 0 idx: 1550 cost: 6.48358622551 ppl: 654.31325863
epoch: 0 idx: 1600 cost: 6.44942941666 ppl: 632.341386396
epoch: 0 idx: 1650 cost: 6.49491932869 ppl: 661.770837236
epoch: 0 idx: 1700 cost: 6.36391482353 ppl: 580.514525682
epoch: 0 idx: 1750 cost: 6.45498531342 ppl: 635.864387508
epoch: 1 idx: 1800 cost: 0.887579975128 ppl: 2.42924370191
epoch: 1 idx: 1850 cost: 6.23122150421 ppl: 508.376087916
epoch: 1 idx: 1900 cost: 6.15967001915 ppl: 473.271878409
epoch: 1 idx: 1950 cost: 6.0033179903 ppl: 404.769589461
epoch: 1 idx: 2000 cost: 6.06271174431 ppl: 429.538657978
validing....
valid_cost: 5.95792805569 perplexity: 386.807849067
testing...
test cost: 5.87649059296 perplexity: 356.555744239
epoch: 1 idx: 2050 cost: 6.2269790554 ppl: 506.223896896
epoch: 1 idx: 2100 cost: 6.24704030037 ppl: 516.481928916
epoch: 1 idx: 2150 cost: 6.19461269379 ppl: 490.101588844
epoch: 1 idx: 2200 cost: 6.1103867054 ppl: 450.512897256
epoch: 1 idx: 2250 cost: 6.14579303741 ppl: 466.749652268
epoch: 1 idx: 2300 cost: 6.16879401207 ppl: 477.609767016
epoch: 1 idx: 2350 cost: 6.0438630867 ppl: 421.518255248
epoch: 1 idx: 2400 cost: 6.04270812988 ppl: 421.031700894
epoch: 1 idx: 2450 cost: 6.03202837944 ppl: 416.559112972
epoch: 1 idx: 2500 cost: 6.01825821877 ppl: 410.862339814
epoch: 1 idx: 2550 cost: 5.96325727463 ppl: 388.874735336
epoch: 1 idx: 2600 cost: 5.98627266884 ppl: 397.928630494
epoch: 1 idx: 2650 cost: 5.92201444626 ppl: 373.16267339
epoch: 1 idx: 2700 cost: 5.97895539284 ppl: 395.027503992
epoch: 1 idx: 2750 cost: 5.96701221466 ppl: 390.337681566
epoch: 1 idx: 2800 cost: 5.9939652729 ppl: 401.001542087
epoch: 1 idx: 2850 cost: 5.9367672348 ppl: 378.708672289
epoch: 1 idx: 2900 cost: 5.9415536499 ppl: 380.525674191
epoch: 1 idx: 2950 cost: 5.84213309288 ppl: 344.513436598
epoch: 1 idx: 3000 cost: 5.95855927467 ppl: 387.052086601
validing....
valid_cost: 5.77421674857 perplexity: 321.892213419
epoch: 1 idx: 3050 cost: 5.99080773354 ppl: 399.737360833
epoch: 1 idx: 3100 cost: 5.89922562599 ppl: 364.754901758
epoch: 1 idx: 3150 cost: 5.88473388672 ppl: 359.507085656
epoch: 1 idx: 3200 cost: 5.83573692322 ppl: 342.316902398
epoch: 1 idx: 3250 cost: 5.87295451164 ppl: 355.297160672
epoch: 1 idx: 3300 cost: 5.93453260422 ppl: 377.863343158
epoch: 1 idx: 3350 cost: 5.8961088562 ppl: 363.619814521
epoch: 1 idx: 3400 cost: 5.85339111328 ppl: 348.413890394
epoch: 1 idx: 3450 cost: 5.88041389465 ppl: 357.957367693
epoch: 1 idx: 3500 cost: 5.79066397667 ppl: 327.230225495
epoch: 1 idx: 3550 cost: 5.90612223625 ppl: 367.279168593
epoch: 2 idx: 3600 cost: 1.655573349 ppl: 5.23608116361
epoch: 2 idx: 3650 cost: 5.79370746613 ppl: 328.227664313
epoch: 2 idx: 3700 cost: 5.61046561718 ppl: 273.271448268
epoch: 2 idx: 3750 cost: 5.58403098583 ppl: 266.142262124
epoch: 2 idx: 3800 cost: 5.62354343891 ppl: 276.868714486
epoch: 2 idx: 3850 cost: 5.77859442711 ppl: 323.304442941
epoch: 2 idx: 3900 cost: 5.78829602242 ppl: 326.456275991
epoch: 2 idx: 3950 cost: 5.72482739449 ppl: 306.380377736
epoch: 2 idx: 4000 cost: 5.70779551506 ppl: 301.20633103
validing....
valid_cost: 5.58646481166 perplexity: 266.790794923
testing...
test cost: 5.50793204509 perplexity: 246.64055778
epoch: 2 idx: 4050 cost: 5.72979286194 ppl: 307.905482827
epoch: 2 idx: 4100 cost: 5.73456319809 ppl: 309.377804425
epoch: 2 idx: 4150 cost: 5.66390514374 ppl: 288.272191662
epoch: 2 idx: 4200 cost: 5.58980885506 ppl: 267.684448295
epoch: 2 idx: 4250 cost: 5.5941755867 ppl: 268.855910314
epoch: 2 idx: 4300 cost: 5.61627587318 ppl: 274.863846983
epoch: 2 idx: 4350 cost: 5.54372086525 ppl: 255.627387153
epoch: 2 idx: 4400 cost: 5.62719274521 ppl: 277.880939065
epoch: 2 idx: 4450 cost: 5.49462024212 ppl: 243.379083484
epoch: 2 idx: 4500 cost: 5.54078548431 ppl: 254.878123619
epoch: 2 idx: 4550 cost: 5.63430593491 ppl: 279.864605632
epoch: 2 idx: 4600 cost: 5.61120047569 ppl: 273.472337922
epoch: 2 idx: 4650 cost: 5.55245756149 ppl: 257.870510462
epoch: 2 idx: 4700 cost: 5.54462738991 ppl: 255.85922475
epoch: 2 idx: 4750 cost: 5.50483112335 ppl: 245.876929301
epoch: 2 idx: 4800 cost: 5.5784706974 ppl: 264.666540903
epoch: 2 idx: 4850 cost: 5.59577979088 ppl: 269.28755622
epoch: 2 idx: 4900 cost: 5.51142689705 ppl: 247.504038005
epoch: 2 idx: 4950 cost: 5.54392282486 ppl: 255.679018774
epoch: 2 idx: 5000 cost: 5.49590796471 ppl: 243.692690103
validing....
valid_cost: 5.53758950233 perplexity: 254.064838044
epoch: 2 idx: 5050 cost: 5.48686107635 ppl: 241.497972196
epoch: 2 idx: 5100 cost: 5.63978923798 ppl: 281.403403074
epoch: 2 idx: 5150 cost: 5.55521846771 ppl: 258.583450485
epoch: 2 idx: 5200 cost: 5.54481683731 ppl: 255.907701208
epoch: 2 idx: 5250 cost: 5.48051657677 ppl: 239.970638618
epoch: 2 idx: 5300 cost: 5.50154062271 ppl: 245.069200752
epoch: 2 idx: 5350 cost: 5.59138051987 ppl: 268.105489303
epoch: 3 idx: 5400 cost: 2.30585884094 ppl: 10.0327911251
epoch: 3 idx: 5450 cost: 5.52947968483 ppl: 252.012750847
epoch: 3 idx: 5500 cost: 5.31565883636 ppl: 203.498541212
epoch: 3 idx: 5550 cost: 5.22521361828 ppl: 185.90087811
epoch: 3 idx: 5600 cost: 5.34403960228 ppl: 209.356722298
epoch: 3 idx: 5650 cost: 5.46667908669 ppl: 236.672916008
epoch: 3 idx: 5700 cost: 5.44887864113 ppl: 232.497306759
epoch: 3 idx: 5750 cost: 5.41468093872 ppl: 224.680847283
epoch: 3 idx: 5800 cost: 5.43881527901 ppl: 230.169335425
epoch: 3 idx: 5850 cost: 5.44881361961 ppl: 232.482189923
epoch: 3 idx: 5900 cost: 5.37765257835 ppl: 216.513430109
epoch: 3 idx: 5950 cost: 5.36827671051 ppl: 214.492915641
epoch: 3 idx: 6000 cost: 5.25472640991 ppl: 191.469094641
validing....
valid_cost: 5.48247661333 perplexity: 240.441451098
testing...
test cost: 5.39820398635 perplexity: 221.009124137
epoch: 3 idx: 6050 cost: 5.2814952755 ppl: 196.663722051
epoch: 3 idx: 6100 cost: 5.35226447105 ppl: 211.08575465
epoch: 3 idx: 6150 cost: 5.25403607368 ppl: 191.336962202
epoch: 3 idx: 6200 cost: 5.30998718739 ppl: 202.347635769
epoch: 3 idx: 6250 cost: 5.21966765404 ppl: 184.872732153
epoch: 3 idx: 6300 cost: 5.22807985306 ppl: 186.434478019
epoch: 3 idx: 6350 cost: 5.38319890976 ppl: 217.717621682
epoch: 3 idx: 6400 cost: 5.33328954697 ppl: 207.118179739
epoch: 3 idx: 6450 cost: 5.26160944939 ppl: 192.791529944
epoch: 3 idx: 6500 cost: 5.23653671265 ppl: 188.017813809
epoch: 3 idx: 6550 cost: 5.25058318138 ppl: 190.67743557
epoch: 3 idx: 6600 cost: 5.29255001068 ppl: 198.849848681
epoch: 3 idx: 6650 cost: 5.29160055161 ppl: 198.661138488
epoch: 3 idx: 6700 cost: 5.25416684151 ppl: 191.361984556
epoch: 3 idx: 6750 cost: 5.2906886673 ppl: 198.480065084
epoch: 3 idx: 6800 cost: 5.17585805416 ppl: 176.948380449
epoch: 3 idx: 6850 cost: 5.25078818321 ppl: 190.716528801
epoch: 3 idx: 6900 cost: 5.38945663929 ppl: 219.0843114
epoch: 3 idx: 6950 cost: 5.29419576645 ppl: 199.177376407
epoch: 3 idx: 7000 cost: 5.29113830566 ppl: 198.569329403
validing....
 valid_cost: 5.41427293082 perplexity: 224.58919442
epoch: 3 idx: 7050 cost: 5.21102799416 ppl: 183.282374593
epoch: 3 idx: 7100 cost: 5.21506983757 ppl: 184.024672367
epoch: 3 idx: 7150 cost: 5.3665048027 ppl: 214.113190488
epoch: 4 idx: 7200 cost: 2.89709196091 ppl: 18.1213710164
epoch: 4 idx: 7250 cost: 5.30510518074 ppl: 201.362180723
epoch: 4 idx: 7300 cost: 5.06831089497 ppl: 158.905692126
epoch: 4 idx: 7350 cost: 4.91090698481 ppl: 135.762493103
epoch: 4 idx: 7400 cost: 5.2006668663 ppl: 181.393166541
epoch: 4 idx: 7450 cost: 5.15238845825 ppl: 172.843827962
epoch: 4 idx: 7500 cost: 5.2218513155 ppl: 185.276872706
epoch: 4 idx: 7550 cost: 5.20602546692 ppl: 182.367789049
epoch: 4 idx: 7600 cost: 5.17872416496 ppl: 177.456261588
epoch: 4 idx: 7650 cost: 5.16869534492 ppl: 175.685478948
epoch: 4 idx: 7700 cost: 5.19192286491 ppl: 179.813978713
epoch: 4 idx: 7750 cost: 5.04398010254 ppl: 155.086046646
epoch: 4 idx: 7800 cost: 5.07465970993 ppl: 159.917764292
epoch: 4 idx: 7850 cost: 5.06957876205 ppl: 159.107291197
epoch: 4 idx: 7900 cost: 5.10863167286 ppl: 165.443818654
epoch: 4 idx: 7950 cost: 5.0854984951 ppl: 161.660506125
epoch: 4 idx: 8000 cost: 5.04243389606 ppl: 154.846436888
validing....
valid_cost: 5.71159369752 perplexity: 302.352543017
testing...
test cost: 5.60925736114 perplexity: 272.941465782
epoch: 4 idx: 8050 cost: 4.98987919092 ppl: 146.918673314
epoch: 4 idx: 8100 cost: 4.98544029236 ppl: 146.267961516
epoch: 4 idx: 8150 cost: 5.1402639389 ppl: 170.760832801
epoch: 4 idx: 8200 cost: 5.13127731323 ppl: 169.233143783
epoch: 4 idx: 8250 cost: 5.03580527306 ppl: 153.8234126
epoch: 4 idx: 8300 cost: 4.94657079697 ppl: 140.691675428
epoch: 4 idx: 8350 cost: 5.06063657761 ppl: 157.690866854
epoch: 4 idx: 8400 cost: 5.06728112221 ppl: 158.742139599
epoch: 4 idx: 8450 cost: 5.04492525578 ppl: 155.232696017
epoch: 4 idx: 8500 cost: 5.05030191422 ppl: 156.069576998
epoch: 4 idx: 8550 cost: 5.07527740479 ppl: 160.016575187
epoch: 4 idx: 8600 cost: 4.9298769331 ppl: 138.36248345
epoch: 4 idx: 8650 cost: 4.9732010746 ppl: 144.488666883
epoch: 4 idx: 8700 cost: 5.19434118748 ppl: 180.24935314
epoch: 4 idx: 8750 cost: 5.0974642086 ppl: 163.606508863
epoch: 4 idx: 8800 cost: 5.12343493462 ppl: 167.911143982
epoch: 4 idx: 8850 cost: 4.94724921227 ppl: 140.787155197
epoch: 4 idx: 8900 cost: 5.05218548298 ppl: 156.363821806
epoch: 4 idx: 8950 cost: 5.1643992424 ppl: 174.932335069
epoch: 5 idx: 9000 cost: 3.48971761703 ppl: 32.7766908202
validing....
valid_cost: 5.4067049542 perplexity: 222.895924045
epoch: 5 idx: 9050 cost: 5.09967482567 ppl: 163.968580257
epoch: 5 idx: 9100 cost: 4.87125534058 ppl: 130.484616759
epoch: 5 idx: 9150 cost: 4.72431743622 ppl: 112.653578873
epoch: 5 idx: 9200 cost: 4.96092083931 ppl: 142.725162344
epoch: 5 idx: 9250 cost: 4.88988705635 ppl: 132.938558637
epoch: 5 idx: 9300 cost: 5.11478376865 ppl: 166.464782187
epoch: 5 idx: 9350 cost: 5.00560451508 ppl: 149.247278123
epoch: 5 idx: 9400 cost: 4.9747587204 ppl: 144.713904422
epoch: 5 idx: 9450 cost: 4.96963284016 ppl: 143.974016188
epoch: 5 idx: 9500 cost: 4.98371255875 ppl: 146.015467627
epoch: 5 idx: 9550 cost: 4.72058416128 ppl: 112.23379616
epoch: 5 idx: 9600 cost: 4.93312344074 ppl: 138.812408257
epoch: 5 idx: 9650 cost: 4.89263081551 ppl: 133.303810878
epoch: 5 idx: 9700 cost: 4.84109285831 ppl: 126.607640364
epoch: 5 idx: 9750 cost: 4.92096200466 ppl: 137.134473754
epoch: 5 idx: 9800 cost: 4.79052885056 ppl: 120.365006935
epoch: 5 idx: 9850 cost: 4.85655011415 ppl: 128.579850261
epoch: 5 idx: 9900 cost: 4.73042714119 ppl: 113.343965887
epoch: 5 idx: 9950 cost: 5.00203729153 ppl: 148.715828182
epoch: 5 idx: 10000 cost: 4.92223962784 ppl: 137.309791907
validing....
valid_cost: 5.38328839444 perplexity: 217.737104945
testing...
test cost: 5.29817792507 perplexity: 199.97211365
epoch: 5 idx: 10050 cost: 4.78181234837 ppl: 119.320404343
epoch: 5 idx: 10100 cost: 4.79502986431 ppl: 120.907992563
epoch: 5 idx: 10150 cost: 4.84569990635 ppl: 127.192273527
epoch: 5 idx: 10200 cost: 4.83776678085 ppl: 126.187233086
epoch: 5 idx: 10250 cost: 4.8937206459 ppl: 133.449168616
epoch: 5 idx: 10300 cost: 4.81598051071 ppl: 123.467814493
epoch: 5 idx: 10350 cost: 4.85585867405 ppl: 128.490975725
epoch: 5 idx: 10400 cost: 4.77380433559 ppl: 118.368700734
epoch: 5 idx: 10450 cost: 4.74807513237 ppl: 115.362014069
epoch: 5 idx: 10500 cost: 5.01165771008 ppl: 150.153440824
epoch: 5 idx: 10550 cost: 4.94647609234 ppl: 140.678351906
epoch: 5 idx: 10600 cost: 4.9322558403 ppl: 138.69202678
epoch: 5 idx: 10650 cost: 4.70346627235 ppl: 110.32894057
epoch: 5 idx: 10700 cost: 4.96798509121 ppl: 143.736978498
epoch: 5 idx: 10750 cost: 4.94011701107 ppl: 139.786605183
epoch: 6 idx: 10800 cost: 4.06772857666 ppl: 58.4241058844
epoch: 6 idx: 10850 cost: 4.88763973236 ppl: 132.640138075
epoch: 6 idx: 10900 cost: 4.54420663118 ppl: 94.0857528888
epoch: 6 idx: 10950 cost: 4.68651451111 ppl: 108.474433699
epoch: 6 idx: 11000 cost: 4.798823452 ppl: 121.367538748
validing....
valid_cost: 5.59514878183 perplexity: 269.117686935
epoch: 6 idx: 11050 cost: 4.65364964485 ppl: 104.967381011
epoch: 6 idx: 11100 cost: 4.95934983253 ppl: 142.501116182
epoch: 6 idx: 11150 cost: 4.89406708717 ppl: 133.495408925
epoch: 6 idx: 11200 cost: 4.76882791996 ppl: 117.781112136
epoch: 6 idx: 11250 cost: 4.80819784164 ppl: 122.51063489
epoch: 6 idx: 11300 cost: 4.72799520969 ppl: 113.068656029
epoch: 6 idx: 11350 cost: 4.60338264942 ppl: 99.8214060126
epoch: 6 idx: 11400 cost: 4.67687692642 ppl: 107.434023731
epoch: 6 idx: 11450 cost: 4.76089285851 ppl: 116.85021004
epoch: 6 idx: 11500 cost: 4.61012825012 ppl: 100.497037567
epoch: 6 idx: 11550 cost: 4.7908342123 ppl: 120.401767416
epoch: 6 idx: 11600 cost: 4.65961457729 ppl: 105.595375457
epoch: 6 idx: 11650 cost: 4.71312600851 ppl: 111.399853065
epoch: 6 idx: 11700 cost: 4.50498801708 ppl: 90.4672599806
epoch: 6 idx: 11750 cost: 4.90061716557 ppl: 134.372684293
epoch: 6 idx: 11800 cost: 4.75306582928 ppl: 115.939189972
epoch: 6 idx: 11850 cost: 4.57333946705 ppl: 96.8670545778
epoch: 6 idx: 11900 cost: 4.64921494007 ppl: 104.502912316
epoch: 6 idx: 11950 cost: 4.57741724491 ppl: 97.2628633703
epoch: 6 idx: 12000 cost: 4.68188803673 ppl: 107.973738631
validing....
valid_cost: 5.37767848195 perplexity: 216.519038658
testing...
test cost: 5.25776197877 perplexity: 192.051195318
epoch: 6 idx: 12050 cost: 4.59038979053 ppl: 98.532829842
epoch: 6 idx: 12100 cost: 4.81124342918 ppl: 122.88432051
epoch: 6 idx: 12150 cost: 4.58426938057 ppl: 97.9316102602
epoch: 6 idx: 12200 cost: 4.60878400803 ppl: 100.362035977
epoch: 6 idx: 12250 cost: 4.70317713261 ppl: 110.2970447
epoch: 6 idx: 12300 cost: 4.80576812267 ppl: 122.213329806
epoch: 6 idx: 12350 cost: 4.77355153561 ppl: 118.33878091
epoch: 6 idx: 12400 cost: 4.77917937279 ppl: 119.006649867
epoch: 6 idx: 12450 cost: 4.5385877943 ppl: 93.5585828189
epoch: 6 idx: 12500 cost: 4.81671866417 ppl: 123.558986333
epoch: 6 idx: 12550 cost: 4.7602630043 ppl: 116.776634618
epoch: 7 idx: 12600 cost: 4.58677484989 ppl: 98.1772825391
epoch: 7 idx: 12650 cost: 4.72244031906 ppl: 112.442313254
epoch: 7 idx: 12700 cost: 4.31548773289 ppl: 74.8501214084
epoch: 7 idx: 12750 cost: 4.57701613903 ppl: 97.2238584869
epoch: 7 idx: 12800 cost: 4.6446817255 ppl: 104.03025034
epoch: 7 idx: 12850 cost: 4.50101119995 ppl: 90.1082026572
epoch: 7 idx: 12900 cost: 4.76127038479 ppl: 116.894332394
epoch: 7 idx: 12950 cost: 4.75638608456 ppl: 116.32477745
epoch: 7 idx: 13000 cost: 4.57799130917 ppl: 97.318714533
validing....
valid_cost: 5.36860138339 perplexity: 214.56256698
epoch: 7 idx: 13050 cost: 4.63755885601 ppl: 103.291889191
epoch: 7 idx: 13100 cost: 4.60153964996 ppl: 99.6376046403
epoch: 7 idx: 13150 cost: 4.43572839022 ppl: 84.4135885329
epoch: 7 idx: 13200 cost: 4.51791852951 ppl: 91.6446436929
epoch: 7 idx: 13250 cost: 4.53880816936 ppl: 93.5792030693
epoch: 7 idx: 13300 cost: 4.51404060841 ppl: 91.2899411937
epoch: 7 idx: 13350 cost: 4.56580504417 ppl: 96.1399597855
epoch: 7 idx: 13400 cost: 4.44104787827 ppl: 84.8638220524
epoch: 7 idx: 13450 cost: 4.69056674957 ppl: 108.914889786
epoch: 7 idx: 13500 cost: 4.30956485748 ppl: 74.4081037652
epoch: 7 idx: 13550 cost: 4.73706885338 ppl: 114.099269364
epoch: 7 idx: 13600 cost: 4.58743308544 ppl: 98.2419275902
epoch: 7 idx: 13650 cost: 4.45339026451 ppl: 85.9177346417
epoch: 7 idx: 13700 cost: 4.44166350365 ppl: 84.91608246
epoch: 7 idx: 13750 cost: 4.41407132626 ppl: 82.6050920942
epoch: 7 idx: 13800 cost: 4.48294173241 ppl: 88.4946176284
epoch: 7 idx: 13850 cost: 4.48968682289 ppl: 89.093539452
epoch: 7 idx: 13900 cost: 4.6630947113 ppl: 105.963501707
epoch: 7 idx: 13950 cost: 4.46189835072 ppl: 86.6518486588
epoch: 7 idx: 14000 cost: 4.39942449093 ppl: 81.4040064373
validing....
valid_cost: 5.36093263239 perplexity: 212.923433169
testing...
test cost: 5.24058015246 perplexity: 188.779591586
epoch: 7 idx: 14050 cost: 4.62303128242 ppl: 101.802155975
epoch: 7 idx: 14100 cost: 4.58417380333 ppl: 97.9222506745
epoch: 7 idx: 14150 cost: 4.62346978188 ppl: 101.846805953
epoch: 7 idx: 14200 cost: 4.58613610268 ppl: 98.1145920971
epoch: 7 idx: 14250 cost: 4.31208476543 ppl: 74.5958417794
epoch: 7 idx: 14300 cost: 4.82064313412 ppl: 124.044842602
epoch: 8 idx: 14350 cost: 0.58753572464 ppl: 1.7995483642
epoch: 8 idx: 14400 cost: 4.47268285275 ppl: 87.5914029026
epoch: 8 idx: 14450 cost: 4.59527339935 ppl: 99.0152025398
epoch: 8 idx: 14500 cost: 4.17921393394 ppl: 65.3144915251
epoch: 8 idx: 14550 cost: 4.39723213911 ppl: 81.2257357033
epoch: 8 idx: 14600 cost: 4.54725600719 ppl: 94.3730936089
epoch: 8 idx: 14650 cost: 4.38454541206 ppl: 80.201756174
epoch: 8 idx: 14700 cost: 4.57112970352 ppl: 96.6532376231
epoch: 8 idx: 14750 cost: 4.60208487511 ppl: 99.6919443799
epoch: 8 idx: 14800 cost: 4.41227276802 ppl: 82.4566555514
epoch: 8 idx: 14850 cost: 4.52315796852 ppl: 92.1260703155
epoch: 8 idx: 14900 cost: 4.40585932732 ppl: 81.9295168735
epoch: 8 idx: 14950 cost: 4.30161740541 ppl: 73.8190925963
epoch: 8 idx: 15000 cost: 4.34345546722 ppl: 76.973058208
validing....
valid_cost: 5.43700688465 perplexity: 229.753474631
epoch: 8 idx: 15050 cost: 4.41779154778 ppl: 82.9129736741
epoch: 8 idx: 15100 cost: 4.3820331192 ppl: 80.0005187639
epoch: 8 idx: 15150 cost: 4.43407769203 ppl: 84.2743621175
epoch: 8 idx: 15200 cost: 4.23958585024 ppl: 69.3791125451
epoch: 8 idx: 15250 cost: 4.52280943871 ppl: 92.093967228
epoch: 8 idx: 15300 cost: 4.1992493248 ppl: 66.6362900506
epoch: 8 idx: 15350 cost: 4.53938474178 ppl: 93.6331738142
epoch: 8 idx: 15400 cost: 4.42372126102 ppl: 83.4060843904
epoch: 8 idx: 15450 cost: 4.32100021362 ppl: 75.2638706053
epoch: 8 idx: 15500 cost: 4.25654870987 ppl: 70.5660188956
epoch: 8 idx: 15550 cost: 4.16633398533 ppl: 64.4786386565
epoch: 8 idx: 15600 cost: 4.41081337929 ppl: 82.3364070034
epoch: 8 idx: 15650 cost: 4.43378542423 ppl: 84.2497350342
epoch: 8 idx: 15700 cost: 4.48962480545 ppl: 89.08801427
epoch: 8 idx: 15750 cost: 4.2597532177 ppl: 70.7925109595
epoch: 8 idx: 15800 cost: 4.27391927719 ppl: 71.8024987651
epoch: 8 idx: 15850 cost: 4.55940017223 ppl: 95.5261633966
epoch: 8 idx: 15900 cost: 4.42339492321 ppl: 83.3788702718
epoch: 8 idx: 15950 cost: 4.47872526169 ppl: 88.1222682163
epoch: 8 idx: 16000 cost: 4.40459978104 ppl: 81.8263878169
validing....
valid_cost: 5.42611775205 perplexity: 227.265230576
testing...
test cost: 5.30923860733 perplexity: 202.196219047
epoch: 8 idx: 16050 cost: 4.26801070213 ppl: 71.3794992048
epoch: 8 idx: 16100 cost: 4.64778317928 ppl: 104.353396205
epoch: 9 idx: 16150 cost: 1.11025311947 ppl: 3.03512654683
epoch: 9 idx: 16200 cost: 4.43154766083 ppl: 84.0614148468
epoch: 9 idx: 16250 cost: 4.33228357315 ppl: 76.1179090673
epoch: 9 idx: 16300 cost: 4.18798831224 ppl: 65.8901072241
epoch: 9 idx: 16350 cost: 4.24014310598 ppl: 69.4177852284
epoch: 9 idx: 16400 cost: 4.38702065468 ppl: 80.4005208726
epoch: 9 idx: 16450 cost: 4.29529245853 ppl: 73.3536642134
epoch: 9 idx: 16500 cost: 4.40800197124 ppl: 82.1052508559
epoch: 9 idx: 16550 cost: 4.46394057751 ppl: 86.8289922078
epoch: 9 idx: 16600 cost: 4.30130577087 ppl: 73.7960916014
epoch: 9 idx: 16650 cost: 4.34350646496 ppl: 76.9769837597
epoch: 9 idx: 16700 cost: 4.31640004635 ppl: 74.9184393407
epoch: 9 idx: 16750 cost: 4.12503154755 ppl: 61.8697610587
epoch: 9 idx: 16800 cost: 4.22999666691 ppl: 68.7170031334
epoch: 9 idx: 16850 cost: 4.29879098892 ppl: 73.6107436747
epoch: 9 idx: 16900 cost: 4.19836321831 ppl: 66.5772693546
epoch: 9 idx: 16950 cost: 4.38933008671 ppl: 80.586414983
epoch: 9 idx: 17000 cost: 4.11733226299 ppl: 61.3952372541
validing....
valid_cost: 5.43516701492 perplexity: 229.331146801
epoch: 9 idx: 17050 cost: 4.28446470261 ppl: 72.5636931657
epoch: 9 idx: 17100 cost: 4.17703845978 ppl: 65.1725559806
epoch: 9 idx: 17150 cost: 4.41417914391 ppl: 82.6139988612
epoch: 9 idx: 17200 cost: 4.23880739689 ppl: 69.3251251586
epoch: 9 idx: 17250 cost: 4.16123913288 ppl: 64.15096494
epoch: 9 idx: 17300 cost: 4.16786767483 ppl: 64.5776047398
epoch: 9 idx: 17350 cost: 4.05591394424 ppl: 57.7379081182
epoch: 9 idx: 17400 cost: 4.26470200062 ppl: 71.1437160308
epoch: 9 idx: 17450 cost: 4.31581071854 ppl: 74.8743008281
epoch: 9 idx: 17500 cost: 4.36274298191 ppl: 78.4720869979
epoch: 9 idx: 17550 cost: 4.19245586157 ppl: 66.1851330586
epoch: 9 idx: 17600 cost: 4.07545670509 ppl: 58.877364041
epoch: 9 idx: 17650 cost: 4.47627262115 ppl: 87.9064008002
epoch: 9 idx: 17700 cost: 4.30099593163 ppl: 73.7732302177
epoch: 9 idx: 17750 cost: 4.38290186882 ppl: 80.070049382
epoch: 9 idx: 17800 cost: 4.22584959507 ppl: 68.4326188734
epoch: 9 idx: 17850 cost: 4.21672945023 ppl: 67.8113408563
epoch: 9 idx: 17900 cost: 4.46650513172 ppl: 87.0519556444
epoch: 10 idx: 17950 cost: 1.64430319786 ppl: 5.17740102565
epoch: 10 idx: 18000 cost: 4.32534636497 ppl: 75.59169064
validing....
valid_cost: 5.39666865774 perplexity: 220.670062857
testing...
test cost: 5.29733606012 perplexity: 199.803834978
epoch: 10 idx: 18050 cost: 4.2373908639 ppl: 69.2269933514