Using cuDNN version 5110 on context None
Mapped name None to device cuda0: Tesla K40m (0000:0D:00.0)
2017-07-07 21:00:19,441-INFO-epoch: 0 idx: 100 cost: 7.058845 ppl: 1163.100892
2017-07-07 21:00:34,403-INFO-epoch: 0 idx: 200 cost: 6.797964 ppl: 896.021122
2017-07-07 21:00:48,830-INFO-epoch: 0 idx: 300 cost: 6.783104 ppl: 882.804420
2017-07-07 21:01:04,640-INFO-epoch: 0 idx: 400 cost: 6.757754 ppl: 860.706762
2017-07-07 21:01:19,504-INFO-epoch: 0 idx: 500 cost: 6.707022 ppl: 818.130876
2017-07-07 21:01:34,654-INFO-epoch: 0 idx: 600 cost: 6.617455 ppl: 748.039089
2017-07-07 21:01:50,142-INFO-epoch: 0 idx: 700 cost: 6.504730 ppl: 668.295298
2017-07-07 21:02:05,817-INFO-epoch: 0 idx: 800 cost: 6.333960 ppl: 563.383093
2017-07-07 21:02:21,143-INFO-epoch: 0 idx: 900 cost: 6.256176 ppl: 521.222076
2017-07-07 21:02:36,499-INFO-epoch: 0 idx: 1000 cost: 6.173822 ppl: 480.017266
2017-07-07 21:02:36,499-INFO-validing...
2017-07-07 21:18:40,230-INFO-validation cost: 5.957119 perplexity: 386.495218,word_error_rate:0.893766
2017-07-07 21:18:56,144-INFO-epoch: 0 idx: 1100 cost: 6.043381 ppl: 421.315122
2017-07-07 21:19:10,997-INFO-epoch: 0 idx: 1200 cost: 5.931165 ppl: 376.593037
2017-07-07 21:19:25,979-INFO-epoch: 0 idx: 1300 cost: 5.885597 ppl: 359.817433
2017-07-07 21:19:42,202-INFO-epoch: 0 idx: 1400 cost: 5.765429 ppl: 319.076045
2017-07-07 21:19:56,942-INFO-epoch: 0 idx: 1500 cost: 5.703708 ppl: 299.977621
2017-07-07 21:20:12,936-INFO-epoch: 0 idx: 1600 cost: 5.613419 ppl: 274.079807
2017-07-07 21:20:28,474-INFO-epoch: 0 idx: 1700 cost: 5.571288 ppl: 262.772207
2017-07-07 21:20:44,156-INFO-epoch: 0 idx: 1800 cost: 5.507069 ppl: 246.427863
2017-07-07 21:20:59,338-INFO-epoch: 1 idx: 1900 cost: 3.465658 ppl: 31.997521
2017-07-07 21:21:14,179-INFO-epoch: 1 idx: 2000 cost: 5.320204 ppl: 204.425645
2017-07-07 21:21:14,179-INFO-validing...
Using cuDNN version 5110 on context None
Mapped name None to device cuda0: Tesla K40m (0000:0D:00.0)
2017-07-07 21:22:43,554-INFO-epoch: 0 idx: 100 cost: 7.058131 ppl: 1162.270998
2017-07-07 21:22:58,538-INFO-epoch: 0 idx: 200 cost: 6.795810 ppl: 894.093168
2017-07-07 21:23:13,091-INFO-epoch: 0 idx: 300 cost: 6.782003 ppl: 881.833245
2017-07-07 21:23:28,870-INFO-epoch: 0 idx: 400 cost: 6.757300 ppl: 860.316606
2017-07-07 21:23:43,880-INFO-epoch: 0 idx: 500 cost: 6.703930 ppl: 815.604692
2017-07-07 21:23:58,909-INFO-epoch: 0 idx: 600 cost: 6.619639 ppl: 749.674098
2017-07-07 21:24:14,532-INFO-epoch: 0 idx: 700 cost: 6.516777 ppl: 676.394642
2017-07-07 21:24:30,279-INFO-epoch: 0 idx: 800 cost: 6.337835 ppl: 565.570790
2017-07-07 21:24:45,826-INFO-epoch: 0 idx: 900 cost: 6.305530 ppl: 547.591625
2017-07-07 21:25:01,204-INFO-epoch: 0 idx: 1000 cost: 6.199727 ppl: 492.614293
2017-07-07 21:25:01,205-INFO-validing...
2017-07-07 21:25:23,108-INFO-validation cost: 5.969353 perplexity: 391.252298,word_error_rate:1.000000
2017-07-07 21:25:38,755-INFO-epoch: 0 idx: 1100 cost: 6.065833 ppl: 430.881346
2017-07-07 21:25:53,858-INFO-epoch: 0 idx: 1200 cost: 6.017152 ppl: 410.408199
2017-07-07 21:26:08,700-INFO-epoch: 0 idx: 1300 cost: 5.944780 ppl: 381.755290
2017-07-07 21:26:24,982-INFO-epoch: 0 idx: 1400 cost: 5.822074 ppl: 337.671769
2017-07-07 21:26:40,214-INFO-epoch: 0 idx: 1500 cost: 5.766883 ppl: 319.540084
2017-07-07 21:26:55,944-INFO-epoch: 0 idx: 1600 cost: 5.670097 ppl: 290.062726
2017-07-07 21:27:11,567-INFO-epoch: 0 idx: 1700 cost: 5.629314 ppl: 278.471109
2017-07-07 21:27:27,487-INFO-epoch: 0 idx: 1800 cost: 5.565934 ppl: 261.369094
2017-07-07 21:27:42,523-INFO-epoch: 1 idx: 1900 cost: 3.504818 ppl: 33.275372
2017-07-07 21:27:57,549-INFO-epoch: 1 idx: 2000 cost: 5.383422 ppl: 217.766177
2017-07-07 21:27:57,549-INFO-validing...
2017-07-07 21:28:19,574-INFO-validation cost: 5.234674 perplexity: 187.667841,word_error_rate:1.000000
2017-07-07 21:28:19,575-INFO-testing...
2017-07-07 21:28:44,295-INFO-test cost: 5.215982 perplexity: 184.192619,word_error_rate:1.000000
2017-07-07 21:28:59,911-INFO-epoch: 1 idx: 2100 cost: 5.331153 ppl: 206.676059
2017-07-07 21:29:15,840-INFO-epoch: 1 idx: 2200 cost: 5.345811 ppl: 209.727930
2017-07-07 21:29:31,369-INFO-epoch: 1 idx: 2300 cost: 5.260197 ppl: 192.519435
2017-07-07 21:29:47,372-INFO-epoch: 1 idx: 2400 cost: 5.209789 ppl: 183.055367
2017-07-07 21:30:03,130-INFO-epoch: 1 idx: 2500 cost: 5.168400 ppl: 175.633535
2017-07-07 21:30:19,132-INFO-epoch: 1 idx: 2600 cost: 5.088093 ppl: 162.080470
2017-07-07 21:30:35,630-INFO-epoch: 1 idx: 2700 cost: 5.082537 ppl: 161.182377
2017-07-07 21:30:51,383-INFO-epoch: 1 idx: 2800 cost: 5.030764 ppl: 153.049824
2017-07-07 21:31:07,701-INFO-epoch: 1 idx: 2900 cost: 5.027573 ppl: 152.562223
2017-07-07 21:31:23,264-INFO-epoch: 1 idx: 3000 cost: 4.939680 ppl: 139.725498
2017-07-07 21:31:23,265-INFO-validing...
2017-07-07 21:31:45,268-INFO-validation cost: 4.795384 perplexity: 120.950771,word_error_rate:1.000000
2017-07-07 21:31:59,887-INFO-epoch: 1 idx: 3100 cost: 4.924969 ppl: 137.685058
2017-07-07 21:32:15,928-INFO-epoch: 1 idx: 3200 cost: 4.896103 ppl: 133.767445
2017-07-07 21:32:31,275-INFO-epoch: 1 idx: 3300 cost: 4.873895 ppl: 130.829511
2017-07-07 21:32:46,901-INFO-epoch: 1 idx: 3400 cost: 4.876104 ppl: 131.118841
2017-07-07 21:33:02,515-INFO-epoch: 1 idx: 3500 cost: 4.813068 ppl: 123.108768
2017-07-07 21:33:17,878-INFO-epoch: 1 idx: 3600 cost: 4.820957 ppl: 124.083790
2017-07-07 21:33:33,179-INFO-epoch: 2 idx: 3700 cost: 1.331395 ppl: 3.786322
2017-07-07 21:33:48,887-INFO-epoch: 2 idx: 3800 cost: 4.727567 ppl: 113.020288
2017-07-07 21:34:03,967-INFO-epoch: 2 idx: 3900 cost: 4.658868 ppl: 105.516565
2017-07-07 21:34:18,932-INFO-epoch: 2 idx: 4000 cost: 4.751292 ppl: 115.733662
2017-07-07 21:34:18,932-INFO-validing...
2017-07-07 21:34:40,970-INFO-validation cost: 4.582388 perplexity: 97.747510,word_error_rate:1.000000
2017-07-07 21:34:40,970-INFO-testing...
2017-07-07 21:35:05,841-INFO-test cost: 4.563291 perplexity: 95.898528,word_error_rate:1.000000
2017-07-07 21:35:22,080-INFO-epoch: 2 idx: 4100 cost: 4.685830 ppl: 108.400246
2017-07-07 21:35:37,899-INFO-epoch: 2 idx: 4200 cost: 4.668770 ppl: 106.566546
2017-07-07 21:35:53,741-INFO-epoch: 2 idx: 4300 cost: 4.649325 ppl: 104.514392
2017-07-07 21:36:10,032-INFO-epoch: 2 idx: 4400 cost: 4.614315 ppl: 100.918699
2017-07-07 21:36:26,695-INFO-epoch: 2 idx: 4500 cost: 4.595823 ppl: 99.069667
2017-07-07 21:36:43,106-INFO-epoch: 2 idx: 4600 cost: 4.594169 ppl: 98.905931
2017-07-07 21:36:59,117-INFO-epoch: 2 idx: 4700 cost: 4.614583 ppl: 100.945763
2017-07-07 21:37:08,553-INFO-validation cost: 5.174247 perplexity: 176.663566,word_error_rate:0.834905
2017-07-07 21:37:08,553-INFO-testing...
2017-07-07 21:37:15,506-INFO-epoch: 2 idx: 4800 cost: 4.527691 ppl: 92.544637
2017-07-07 21:37:31,048-INFO-epoch: 2 idx: 4900 cost: 4.500928 ppl: 90.100675
2017-07-07 21:37:46,676-INFO-epoch: 2 idx: 5000 cost: 4.553095 ppl: 94.925752
2017-07-07 21:37:46,677-INFO-validing...
2017-07-07 21:38:08,657-INFO-validation cost: 4.465578 perplexity: 86.971317,word_error_rate:1.000000
2017-07-07 21:38:24,930-INFO-epoch: 2 idx: 5100 cost: 4.505504 ppl: 90.513929
2017-07-07 21:38:40,385-INFO-epoch: 2 idx: 5200 cost: 4.547427 ppl: 94.389207
2017-07-07 21:38:56,579-INFO-epoch: 2 idx: 5300 cost: 4.502124 ppl: 90.208523
2017-07-07 21:39:12,093-INFO-epoch: 2 idx: 5400 cost: 4.469735 ppl: 87.333602
2017-07-07 21:39:28,019-INFO-epoch: 2 idx: 5500 cost: 4.534373 ppl: 93.165129
2017-07-07 21:39:43,937-INFO-epoch: 3 idx: 5600 cost: 4.107198 ppl: 60.776181
2017-07-07 21:39:59,097-INFO-epoch: 3 idx: 5700 cost: 4.360184 ppl: 78.271498
2017-07-07 21:40:13,800-INFO-epoch: 3 idx: 5800 cost: 4.402558 ppl: 81.659494
2017-07-07 21:40:29,400-INFO-epoch: 3 idx: 5900 cost: 4.486335 ppl: 88.795391
2017-07-07 21:40:44,527-INFO-epoch: 3 idx: 6000 cost: 4.421853 ppl: 83.250422
2017-07-07 21:40:44,527-INFO-validing...
2017-07-07 21:41:06,404-INFO-validation cost: 4.350582 perplexity: 77.523573,word_error_rate:1.000000
2017-07-07 21:41:06,405-INFO-testing...
2017-07-07 21:41:30,982-INFO-test cost: 4.311017 perplexity: 74.516233,word_error_rate:1.000000
2017-07-07 21:41:47,067-INFO-epoch: 3 idx: 6100 cost: 4.367903 ppl: 78.878019
2017-07-07 21:42:01,964-INFO-epoch: 3 idx: 6200 cost: 4.374923 ppl: 79.433685
2017-07-07 21:42:17,661-INFO-epoch: 3 idx: 6300 cost: 4.374734 ppl: 79.418739
2017-07-07 21:42:33,306-INFO-epoch: 3 idx: 6400 cost: 4.346287 ppl: 77.191324
2017-07-07 21:42:48,573-INFO-epoch: 3 idx: 6500 cost: 4.363405 ppl: 78.524067
2017-07-07 21:43:04,607-INFO-epoch: 3 idx: 6600 cost: 4.339495 ppl: 76.668809
2017-07-07 21:43:19,833-INFO-epoch: 3 idx: 6700 cost: 4.292146 ppl: 73.123192
2017-07-07 21:43:35,100-INFO-epoch: 3 idx: 6800 cost: 4.337616 ppl: 76.524887
2017-07-07 21:43:51,869-INFO-epoch: 3 idx: 6900 cost: 4.322447 ppl: 75.372817
2017-07-07 21:44:07,352-INFO-epoch: 3 idx: 7000 cost: 4.320307 ppl: 75.211692
2017-07-07 21:44:07,352-INFO-validing...
2017-07-07 21:44:29,356-INFO-validation cost: 4.271694 perplexity: 71.642872,word_error_rate:1.000000
2017-07-07 21:44:45,657-INFO-epoch: 3 idx: 7100 cost: 4.344480 ppl: 77.051982
2017-07-07 21:45:01,592-INFO-epoch: 3 idx: 7200 cost: 4.331417 ppl: 76.051941
