Using cuDNN version 5110 on context None
Mapped name None to device cuda0: Tesla K40m (0000:0D:00.0)
2017-07-13 16:01:01,496-INFO-epoch: 0 idx: 10 cost: 8.654668 ppl: 5736.862625
2017-07-13 16:01:07,068-INFO-epoch: 0 idx: 20 cost: 8.136535 ppl: 3417.056172
2017-07-13 16:01:17,077-INFO-epoch: 0 idx: 30 cost: 6.598615 ppl: 734.077877
2017-07-13 16:01:28,364-INFO-epoch: 0 idx: 40 cost: 5.480976 ppl: 240.080926
2017-07-13 16:01:39,100-INFO-epoch: 0 idx: 50 cost: 4.660924 ppl: 105.733736
2017-07-13 16:01:47,925-INFO-epoch: 0 idx: 60 cost: 4.187692 ppl: 65.870581
2017-07-13 16:01:57,916-INFO-epoch: 0 idx: 70 cost: 3.867094 ppl: 47.803249
2017-07-13 16:02:07,712-INFO-epoch: 0 idx: 80 cost: 3.608692 ppl: 36.917731
2017-07-13 16:02:18,911-INFO-epoch: 0 idx: 90 cost: 3.450391 ppl: 31.512726
2017-07-13 16:02:29,567-INFO-epoch: 0 idx: 100 cost: 3.328688 ppl: 27.901721
2017-07-13 16:02:40,321-INFO-epoch: 0 idx: 110 cost: 3.246382 ppl: 25.697197
2017-07-13 16:02:49,279-INFO-epoch: 0 idx: 120 cost: 3.224812 ppl: 25.148851
2017-07-13 16:02:57,713-INFO-epoch: 0 idx: 130 cost: 3.150391 ppl: 23.345198
2017-07-13 16:03:08,269-INFO-epoch: 0 idx: 140 cost: 3.113011 ppl: 22.488651
2017-07-13 16:03:13,883-INFO-epoch: 0 idx: 150 cost: 3.140272 ppl: 23.110161
2017-07-13 16:03:22,123-INFO-epoch: 0 idx: 160 cost: 3.096484 ppl: 22.120034
2017-07-13 16:03:32,829-INFO-epoch: 0 idx: 170 cost: 3.074926 ppl: 21.648290
2017-07-13 16:03:42,254-INFO-epoch: 0 idx: 180 cost: 3.067836 ppl: 21.495333
2017-07-13 16:03:51,681-INFO-epoch: 0 idx: 190 cost: 3.074586 ppl: 21.640921
2017-07-13 16:04:00,404-INFO-epoch: 0 idx: 200 cost: 3.060020 ppl: 21.327984
2017-07-13 16:04:08,051-INFO-epoch: 0 idx: 210 cost: 3.055700 ppl: 21.236055
2017-07-13 16:04:17,204-INFO-epoch: 0 idx: 220 cost: 3.055700 ppl: 21.236042
2017-07-13 16:04:25,869-INFO-epoch: 0 idx: 230 cost: 3.051289 ppl: 21.142583
2017-07-13 16:04:33,437-INFO-epoch: 0 idx: 240 cost: 3.049864 ppl: 21.112469
2017-07-13 16:04:42,192-INFO-epoch: 0 idx: 250 cost: 3.048587 ppl: 21.085540
2017-07-13 16:04:50,595-INFO-epoch: 0 idx: 260 cost: 3.049577 ppl: 21.106407
2017-07-13 16:04:59,135-INFO-epoch: 0 idx: 270 cost: 3.055393 ppl: 21.229522
2017-07-13 16:05:09,048-INFO-epoch: 0 idx: 280 cost: 3.053095 ppl: 21.180802
2017-07-13 16:05:16,762-INFO-epoch: 0 idx: 290 cost: 3.050861 ppl: 21.133531
2017-07-13 16:05:25,205-INFO-epoch: 0 idx: 300 cost: 3.048090 ppl: 21.075044
2017-07-13 16:05:35,070-INFO-epoch: 0 idx: 310 cost: 3.050713 ppl: 21.130410
2017-07-13 16:05:45,574-INFO-epoch: 0 idx: 320 cost: 3.047857 ppl: 21.070151
2017-07-13 16:05:57,147-INFO-epoch: 0 idx: 330 cost: 3.046231 ppl: 21.035919
2017-07-13 16:06:07,324-INFO-epoch: 0 idx: 340 cost: 3.045844 ppl: 21.027765
2017-07-13 16:06:17,215-INFO-epoch: 0 idx: 350 cost: 3.045206 ppl: 21.014365
2017-07-13 16:06:26,317-INFO-epoch: 0 idx: 360 cost: 3.046177 ppl: 21.034782
2017-07-13 16:06:34,300-INFO-epoch: 0 idx: 370 cost: 3.045075 ppl: 21.011603
2017-07-13 16:06:42,958-INFO-epoch: 0 idx: 380 cost: 3.039567 ppl: 20.896201
2017-07-13 16:06:52,611-INFO-epoch: 0 idx: 390 cost: 3.046465 ppl: 21.040827
2017-07-13 16:07:02,707-INFO-epoch: 0 idx: 400 cost: 3.046195 ppl: 21.035146
2017-07-13 16:07:12,817-INFO-epoch: 0 idx: 410 cost: 3.046589 ppl: 21.043437
2017-07-13 16:07:21,807-INFO-epoch: 0 idx: 420 cost: 3.045273 ppl: 21.015762
2017-07-13 16:07:32,249-INFO-epoch: 0 idx: 430 cost: 3.046429 ppl: 21.040070
2017-07-13 16:07:41,627-INFO-epoch: 0 idx: 440 cost: 3.044210 ppl: 20.993434
2017-07-13 16:07:50,461-INFO-epoch: 0 idx: 450 cost: 3.049577 ppl: 21.106408
2017-07-13 16:07:59,028-INFO-epoch: 0 idx: 460 cost: 3.048131 ppl: 21.075926
2017-07-13 16:08:07,133-INFO-epoch: 0 idx: 470 cost: 3.045747 ppl: 21.025724
2017-07-13 16:08:17,903-INFO-epoch: 0 idx: 480 cost: 3.048409 ppl: 21.081770
2017-07-13 16:08:25,623-INFO-epoch: 0 idx: 490 cost: 3.050506 ppl: 21.126032
2017-07-13 16:08:34,668-INFO-epoch: 0 idx: 500 cost: 3.046359 ppl: 21.038604
2017-07-13 16:08:43,958-INFO-epoch: 0 idx: 510 cost: 3.048841 ppl: 21.090878
2017-07-13 16:08:54,064-INFO-epoch: 0 idx: 520 cost: 3.046510 ppl: 21.041771
2017-07-13 16:09:04,532-INFO-epoch: 0 idx: 530 cost: 3.047284 ppl: 21.058077
2017-07-13 16:09:13,656-INFO-epoch: 0 idx: 540 cost: 3.048315 ppl: 21.079794
2017-07-13 16:09:22,297-INFO-epoch: 0 idx: 550 cost: 3.042179 ppl: 20.950853
2017-07-13 16:09:32,543-INFO-epoch: 0 idx: 560 cost: 3.038096 ppl: 20.865482
2017-07-13 16:09:42,891-INFO-epoch: 0 idx: 570 cost: 3.045564 ppl: 21.021874
2017-07-13 16:09:52,062-INFO-epoch: 0 idx: 580 cost: 3.050268 ppl: 21.121006
2017-07-13 16:10:02,605-INFO-epoch: 0 idx: 590 cost: 3.045429 ppl: 21.019046
2017-07-13 16:10:07,463-INFO-epoch: 0 idx: 600 cost: 3.048826 ppl: 21.090578
2017-07-13 16:10:17,956-INFO-epoch: 0 idx: 610 cost: 3.060290 ppl: 21.333746
2017-07-13 16:10:28,788-INFO-epoch: 0 idx: 620 cost: 3.046724 ppl: 21.046287
2017-07-13 16:10:38,229-INFO-epoch: 0 idx: 630 cost: 3.057247 ppl: 21.268922
2017-07-13 16:10:48,517-INFO-epoch: 0 idx: 640 cost: 3.047283 ppl: 21.058049
2017-07-13 16:10:57,957-INFO-epoch: 0 idx: 650 cost: 3.046436 ppl: 21.040227
2017-07-13 16:11:07,533-INFO-epoch: 0 idx: 660 cost: 3.040742 ppl: 20.920766
2017-07-13 16:11:17,721-INFO-epoch: 0 idx: 670 cost: 3.045655 ppl: 21.023787
2017-07-13 16:11:24,644-INFO-epoch: 0 idx: 680 cost: 3.046068 ppl: 21.032492
2017-07-13 16:11:33,281-INFO-epoch: 0 idx: 690 cost: 3.044929 ppl: 21.008545
2017-07-13 16:11:43,544-INFO-epoch: 0 idx: 700 cost: 3.047604 ppl: 21.064820
2017-07-13 16:11:54,133-INFO-epoch: 0 idx: 710 cost: 3.045933 ppl: 21.029636
2017-07-13 16:12:02,395-INFO-epoch: 0 idx: 720 cost: 3.047346 ppl: 21.059372
2017-07-13 16:12:12,566-INFO-epoch: 0 idx: 730 cost: 3.047148 ppl: 21.055212
2017-07-13 16:12:20,948-INFO-epoch: 0 idx: 740 cost: 3.048249 ppl: 21.078397
2017-07-13 16:12:28,933-INFO-epoch: 0 idx: 750 cost: 3.050893 ppl: 21.134212
2017-07-13 16:12:38,018-INFO-epoch: 0 idx: 760 cost: 3.040477 ppl: 20.915222
2017-07-13 16:12:49,587-INFO-epoch: 0 idx: 770 cost: 3.053898 ppl: 21.197814
2017-07-13 16:12:59,256-INFO-epoch: 0 idx: 780 cost: 3.054609 ppl: 21.212884
2017-07-13 16:13:08,759-INFO-epoch: 0 idx: 790 cost: 3.047936 ppl: 21.071810
2017-07-13 16:13:19,695-INFO-epoch: 0 idx: 800 cost: 3.045404 ppl: 21.018529
2017-07-13 16:13:28,949-INFO-epoch: 0 idx: 810 cost: 3.044799 ppl: 21.005810
2017-07-13 16:13:38,448-INFO-epoch: 0 idx: 820 cost: 3.041539 ppl: 20.937439
2017-07-13 16:13:48,427-INFO-epoch: 0 idx: 830 cost: 3.051231 ppl: 21.141354
2017-07-13 16:13:58,437-INFO-epoch: 0 idx: 840 cost: 3.047901 ppl: 21.071068
2017-07-13 16:14:07,031-INFO-epoch: 0 idx: 850 cost: 3.039714 ppl: 20.899265
2017-07-13 16:14:16,088-INFO-epoch: 0 idx: 860 cost: 3.052478 ppl: 21.167731
2017-07-13 16:14:24,256-INFO-epoch: 0 idx: 870 cost: 3.047664 ppl: 21.066069
2017-07-13 16:14:35,562-INFO-epoch: 0 idx: 880 cost: 3.053160 ppl: 21.182169
2017-07-13 16:14:43,828-INFO-epoch: 0 idx: 890 cost: 3.052097 ppl: 21.159675
2017-07-13 16:14:53,860-INFO-epoch: 0 idx: 900 cost: 3.052247 ppl: 21.162835
2017-07-13 16:15:04,018-INFO-epoch: 0 idx: 910 cost: 3.044736 ppl: 21.004495
2017-07-13 16:15:13,568-INFO-epoch: 0 idx: 920 cost: 3.049883 ppl: 21.112879
2017-07-13 16:15:24,093-INFO-epoch: 0 idx: 930 cost: 3.048869 ppl: 21.091476
2017-07-13 16:15:32,160-INFO-epoch: 0 idx: 940 cost: 3.047328 ppl: 21.058996
2017-07-13 16:15:39,203-INFO-epoch: 0 idx: 950 cost: 3.044555 ppl: 21.000693
2017-07-13 16:15:49,596-INFO-epoch: 0 idx: 960 cost: 3.053297 ppl: 21.185067
2017-07-13 16:15:54,856-INFO-epoch: 0 idx: 970 cost: 3.051021 ppl: 21.136923
2017-07-13 16:16:04,320-INFO-epoch: 0 idx: 980 cost: 3.052551 ppl: 21.169273
2017-07-13 16:16:14,918-INFO-epoch: 0 idx: 990 cost: 3.054759 ppl: 21.216061
2017-07-13 16:16:24,965-INFO-epoch: 0 idx: 1000 cost: 3.055093 ppl: 21.223151
2017-07-13 16:16:24,966-INFO-validing...
loading dataset...
building model...
building rnn cell...
building softmax output layer...
training start...
Traceback (most recent call last):
  File "main.py", line 132, in <module>
    train(lr=lr)
  File "main.py", line 118, in train
    valid_cost,wer=evaluate(valid_data,model)
  File "main.py", line 71, in evaluate
    nll,pred_y=model.test(x,x_mask,y,y_mask)
  File "/home/t-najia/miniconda2/lib/python2.7/site-packages/theano/compile/function_module.py", line 867, in __call__
    self.inv_finder[c]))
TypeError: Missing required input: negy
